<?xml version="1.0" encoding="utf-8"?><testsuites name="pytest tests"><testsuite name="pytest" errors="194" failures="11" skipped="0" tests="229" time="20.937" timestamp="2025-11-20T21:30:14.805926+05:30" hostname="rahul-G3-3590"><testcase classname="" name="tests.vector.test_deadline_enforcement" time="0.000"><error message="collection failure">tests/vector/test_deadline_enforcement.py:25: in &lt;module&gt;
    def get_remaining_budget_ms(ctx: OperationContext) -&gt; Optional[int]:
E   NameError: name 'Optional' is not defined</error><error message="collection failure">tests/vector/test_deadline_enforcement.py:25: in &lt;module&gt;
    def get_remaining_budget_ms(ctx: OperationContext) -&gt; Optional[int]:
E   NameError: name 'Optional' is not defined</error><error message="collection failure">tests/vector/test_deadline_enforcement.py:25: in &lt;module&gt;
    def get_remaining_budget_ms(ctx: OperationContext) -&gt; Optional[int]:
E   NameError: name 'Optional' is not defined</error><error message="collection failure">tests/vector/test_deadline_enforcement.py:25: in &lt;module&gt;
    def get_remaining_budget_ms(ctx: OperationContext) -&gt; Optional[int]:
E   NameError: name 'Optional' is not defined</error><error message="collection failure">tests/vector/test_deadline_enforcement.py:25: in &lt;module&gt;
    def get_remaining_budget_ms(ctx: OperationContext) -&gt; Optional[int]:
E   NameError: name 'Optional' is not defined</error><error message="collection failure">tests/vector/test_deadline_enforcement.py:25: in &lt;module&gt;
    def get_remaining_budget_ms(ctx: OperationContext) -&gt; Optional[int]:
E   NameError: name 'Optional' is not defined</error><error message="collection failure">tests/vector/test_deadline_enforcement.py:25: in &lt;module&gt;
    def get_remaining_budget_ms(ctx: OperationContext) -&gt; Optional[int]:
E   NameError: name 'Optional' is not defined</error><error message="collection failure">tests/vector/test_deadline_enforcement.py:25: in &lt;module&gt;
    def get_remaining_budget_ms(ctx: OperationContext) -&gt; Optional[int]:
E   NameError: name 'Optional' is not defined</error></testcase><testcase classname="" name="tests.graph.test_batch_operations" time="0.000"><error message="collection failure">ImportError while importing test module '/media/rahul/514150442B0A5F0612/ahrvo/corpus-protocol-suite/tests/graph/test_batch_operations.py'.
Hint: make sure your test modules/packages have valid Python names.
Traceback:
.venv/lib/python3.10/site-packages/_pytest/python.py:498: in importtestmodule
    mod = import_path(
.venv/lib/python3.10/site-packages/_pytest/pathlib.py:587: in import_path
    importlib.import_module(module_name)
/usr/lib/python3.10/importlib/__init__.py:126: in import_module
    return _bootstrap._gcd_import(name[level:], package, level)
&lt;frozen importlib._bootstrap&gt;:1050: in _gcd_import
    ???
&lt;frozen importlib._bootstrap&gt;:1027: in _find_and_load
    ???
&lt;frozen importlib._bootstrap&gt;:1006: in _find_and_load_unlocked
    ???
&lt;frozen importlib._bootstrap&gt;:688: in _load_unlocked
    ???
.venv/lib/python3.10/site-packages/_pytest/assertion/rewrite.py:186: in exec_module
    exec(co, module.__dict__)
tests/graph/test_batch_operations.py:13: in &lt;module&gt;
    from corpus_sdk.graph.graph_base import (
E   ImportError: cannot import name 'BatchOperations' from 'corpus_sdk.graph.graph_base' (/media/rahul/514150442B0A5F0612/ahrvo/corpus-protocol-suite/corpus_sdk/graph/graph_base.py)</error></testcase><testcase classname="" name="tests.graph.test_context_siem" time="0.000"><error message="collection failure">ImportError while importing test module '/media/rahul/514150442B0A5F0612/ahrvo/corpus-protocol-suite/tests/graph/test_context_siem.py'.
Hint: make sure your test modules/packages have valid Python names.
Traceback:
.venv/lib/python3.10/site-packages/_pytest/python.py:498: in importtestmodule
    mod = import_path(
.venv/lib/python3.10/site-packages/_pytest/pathlib.py:587: in import_path
    importlib.import_module(module_name)
/usr/lib/python3.10/importlib/__init__.py:126: in import_module
    return _bootstrap._gcd_import(name[level:], package, level)
&lt;frozen importlib._bootstrap&gt;:1050: in _gcd_import
    ???
&lt;frozen importlib._bootstrap&gt;:1027: in _find_and_load
    ???
&lt;frozen importlib._bootstrap&gt;:1006: in _find_and_load_unlocked
    ???
&lt;frozen importlib._bootstrap&gt;:688: in _load_unlocked
    ???
.venv/lib/python3.10/site-packages/_pytest/assertion/rewrite.py:186: in exec_module
    exec(co, module.__dict__)
tests/graph/test_context_siem.py:18: in &lt;module&gt;
    from examples.common.ctx import make_ctx
E   ModuleNotFoundError: No module named 'examples'</error></testcase><testcase classname="" name="tests.graph.test_crud_basic" time="0.000"><error message="collection failure">ImportError while importing test module '/media/rahul/514150442B0A5F0612/ahrvo/corpus-protocol-suite/tests/graph/test_crud_basic.py'.
Hint: make sure your test modules/packages have valid Python names.
Traceback:
.venv/lib/python3.10/site-packages/_pytest/python.py:498: in importtestmodule
    mod = import_path(
.venv/lib/python3.10/site-packages/_pytest/pathlib.py:587: in import_path
    importlib.import_module(module_name)
/usr/lib/python3.10/importlib/__init__.py:126: in import_module
    return _bootstrap._gcd_import(name[level:], package, level)
&lt;frozen importlib._bootstrap&gt;:1050: in _gcd_import
    ???
&lt;frozen importlib._bootstrap&gt;:1027: in _find_and_load
    ???
&lt;frozen importlib._bootstrap&gt;:1006: in _find_and_load_unlocked
    ???
&lt;frozen importlib._bootstrap&gt;:688: in _load_unlocked
    ???
.venv/lib/python3.10/site-packages/_pytest/assertion/rewrite.py:186: in exec_module
    exec(co, module.__dict__)
tests/graph/test_crud_basic.py:18: in &lt;module&gt;
    from examples.common.ctx import make_ctx
E   ModuleNotFoundError: No module named 'examples'</error></testcase><testcase classname="" name="tests.graph.test_deadline_enforcement" time="0.000"><error message="collection failure">ImportError while importing test module '/media/rahul/514150442B0A5F0612/ahrvo/corpus-protocol-suite/tests/graph/test_deadline_enforcement.py'.
Hint: make sure your test modules/packages have valid Python names.
Traceback:
.venv/lib/python3.10/site-packages/_pytest/python.py:498: in importtestmodule
    mod = import_path(
.venv/lib/python3.10/site-packages/_pytest/pathlib.py:587: in import_path
    importlib.import_module(module_name)
/usr/lib/python3.10/importlib/__init__.py:126: in import_module
    return _bootstrap._gcd_import(name[level:], package, level)
&lt;frozen importlib._bootstrap&gt;:1050: in _gcd_import
    ???
&lt;frozen importlib._bootstrap&gt;:1027: in _find_and_load
    ???
&lt;frozen importlib._bootstrap&gt;:1006: in _find_and_load_unlocked
    ???
&lt;frozen importlib._bootstrap&gt;:688: in _load_unlocked
    ???
.venv/lib/python3.10/site-packages/_pytest/assertion/rewrite.py:186: in exec_module
    exec(co, module.__dict__)
tests/graph/test_deadline_enforcement.py:20: in &lt;module&gt;
    from examples.common.ctx import make_ctx, remaining_budget_ms, clear_time_cache
E   ModuleNotFoundError: No module named 'examples'</error></testcase><testcase classname="" name="tests.graph.test_dialect_validation" time="0.000"><error message="collection failure">ImportError while importing test module '/media/rahul/514150442B0A5F0612/ahrvo/corpus-protocol-suite/tests/graph/test_dialect_validation.py'.
Hint: make sure your test modules/packages have valid Python names.
Traceback:
.venv/lib/python3.10/site-packages/_pytest/python.py:498: in importtestmodule
    mod = import_path(
.venv/lib/python3.10/site-packages/_pytest/pathlib.py:587: in import_path
    importlib.import_module(module_name)
/usr/lib/python3.10/importlib/__init__.py:126: in import_module
    return _bootstrap._gcd_import(name[level:], package, level)
&lt;frozen importlib._bootstrap&gt;:1050: in _gcd_import
    ???
&lt;frozen importlib._bootstrap&gt;:1027: in _find_and_load
    ???
&lt;frozen importlib._bootstrap&gt;:1006: in _find_and_load_unlocked
    ???
&lt;frozen importlib._bootstrap&gt;:688: in _load_unlocked
    ???
.venv/lib/python3.10/site-packages/_pytest/assertion/rewrite.py:186: in exec_module
    exec(co, module.__dict__)
tests/graph/test_dialect_validation.py:12: in &lt;module&gt;
    from corpus_sdk.examples.graph.mock_graph_adapter import MockGraphAdapter
E   ModuleNotFoundError: No module named 'corpus_sdk.examples.graph.mock_graph_adapter'</error></testcase><testcase classname="" name="tests.graph.test_error_mapping_retryable" time="0.000"><error message="collection failure">ImportError while importing test module '/media/rahul/514150442B0A5F0612/ahrvo/corpus-protocol-suite/tests/graph/test_error_mapping_retryable.py'.
Hint: make sure your test modules/packages have valid Python names.
Traceback:
.venv/lib/python3.10/site-packages/_pytest/python.py:498: in importtestmodule
    mod = import_path(
.venv/lib/python3.10/site-packages/_pytest/pathlib.py:587: in import_path
    importlib.import_module(module_name)
/usr/lib/python3.10/importlib/__init__.py:126: in import_module
    return _bootstrap._gcd_import(name[level:], package, level)
&lt;frozen importlib._bootstrap&gt;:1050: in _gcd_import
    ???
&lt;frozen importlib._bootstrap&gt;:1027: in _find_and_load
    ???
&lt;frozen importlib._bootstrap&gt;:1006: in _find_and_load_unlocked
    ???
&lt;frozen importlib._bootstrap&gt;:688: in _load_unlocked
    ???
.venv/lib/python3.10/site-packages/_pytest/assertion/rewrite.py:186: in exec_module
    exec(co, module.__dict__)
tests/graph/test_error_mapping_retryable.py:12: in &lt;module&gt;
    from corpus_sdk.graph.graph_base import (
E   ImportError: cannot import name 'AdapterError' from 'corpus_sdk.graph.graph_base' (/media/rahul/514150442B0A5F0612/ahrvo/corpus-protocol-suite/corpus_sdk/graph/graph_base.py)</error></testcase><testcase classname="" name="tests.graph.test_health_report" time="0.000"><error message="collection failure">ImportError while importing test module '/media/rahul/514150442B0A5F0612/ahrvo/corpus-protocol-suite/tests/graph/test_health_report.py'.
Hint: make sure your test modules/packages have valid Python names.
Traceback:
.venv/lib/python3.10/site-packages/_pytest/python.py:498: in importtestmodule
    mod = import_path(
.venv/lib/python3.10/site-packages/_pytest/pathlib.py:587: in import_path
    importlib.import_module(module_name)
/usr/lib/python3.10/importlib/__init__.py:126: in import_module
    return _bootstrap._gcd_import(name[level:], package, level)
&lt;frozen importlib._bootstrap&gt;:1050: in _gcd_import
    ???
&lt;frozen importlib._bootstrap&gt;:1027: in _find_and_load
    ???
&lt;frozen importlib._bootstrap&gt;:1006: in _find_and_load_unlocked
    ???
&lt;frozen importlib._bootstrap&gt;:688: in _load_unlocked
    ???
.venv/lib/python3.10/site-packages/_pytest/assertion/rewrite.py:186: in exec_module
    exec(co, module.__dict__)
tests/graph/test_health_report.py:13: in &lt;module&gt;
    from corpus_sdk.graph.graph_base import (
E   ImportError: cannot import name 'HealthStatus' from 'corpus_sdk.graph.graph_base' (/media/rahul/514150442B0A5F0612/ahrvo/corpus-protocol-suite/corpus_sdk/graph/graph_base.py)</error></testcase><testcase classname="" name="tests.graph.test_query_basic" time="0.000"><error message="collection failure">ImportError while importing test module '/media/rahul/514150442B0A5F0612/ahrvo/corpus-protocol-suite/tests/graph/test_query_basic.py'.
Hint: make sure your test modules/packages have valid Python names.
Traceback:
.venv/lib/python3.10/site-packages/_pytest/python.py:498: in importtestmodule
    mod = import_path(
.venv/lib/python3.10/site-packages/_pytest/pathlib.py:587: in import_path
    importlib.import_module(module_name)
/usr/lib/python3.10/importlib/__init__.py:126: in import_module
    return _bootstrap._gcd_import(name[level:], package, level)
&lt;frozen importlib._bootstrap&gt;:1050: in _gcd_import
    ???
&lt;frozen importlib._bootstrap&gt;:1027: in _find_and_load
    ???
&lt;frozen importlib._bootstrap&gt;:1006: in _find_and_load_unlocked
    ???
&lt;frozen importlib._bootstrap&gt;:688: in _load_unlocked
    ???
.venv/lib/python3.10/site-packages/_pytest/assertion/rewrite.py:186: in exec_module
    exec(co, module.__dict__)
tests/graph/test_query_basic.py:18: in &lt;module&gt;
    from examples.common.ctx import make_ctx, clear_time_cache
E   ModuleNotFoundError: No module named 'examples'</error></testcase><testcase classname="" name="tests.graph.test_schema_operations" time="0.000"><error message="collection failure">ImportError while importing test module '/media/rahul/514150442B0A5F0612/ahrvo/corpus-protocol-suite/tests/graph/test_schema_operations.py'.
Hint: make sure your test modules/packages have valid Python names.
Traceback:
.venv/lib/python3.10/site-packages/_pytest/python.py:498: in importtestmodule
    mod = import_path(
.venv/lib/python3.10/site-packages/_pytest/pathlib.py:587: in import_path
    importlib.import_module(module_name)
/usr/lib/python3.10/importlib/__init__.py:126: in import_module
    return _bootstrap._gcd_import(name[level:], package, level)
&lt;frozen importlib._bootstrap&gt;:1050: in _gcd_import
    ???
&lt;frozen importlib._bootstrap&gt;:1027: in _find_and_load
    ???
&lt;frozen importlib._bootstrap&gt;:1006: in _find_and_load_unlocked
    ???
&lt;frozen importlib._bootstrap&gt;:688: in _load_unlocked
    ???
.venv/lib/python3.10/site-packages/_pytest/assertion/rewrite.py:186: in exec_module
    exec(co, module.__dict__)
tests/graph/test_schema_operations.py:17: in &lt;module&gt;
    from examples.common.ctx import make_ctx
E   ModuleNotFoundError: No module named 'examples'</error></testcase><testcase classname="" name="tests.graph.test_streaming_semantics" time="0.000"><error message="collection failure">ImportError while importing test module '/media/rahul/514150442B0A5F0612/ahrvo/corpus-protocol-suite/tests/graph/test_streaming_semantics.py'.
Hint: make sure your test modules/packages have valid Python names.
Traceback:
.venv/lib/python3.10/site-packages/_pytest/python.py:498: in importtestmodule
    mod = import_path(
.venv/lib/python3.10/site-packages/_pytest/pathlib.py:587: in import_path
    importlib.import_module(module_name)
/usr/lib/python3.10/importlib/__init__.py:126: in import_module
    return _bootstrap._gcd_import(name[level:], package, level)
&lt;frozen importlib._bootstrap&gt;:1050: in _gcd_import
    ???
&lt;frozen importlib._bootstrap&gt;:1027: in _find_and_load
    ???
&lt;frozen importlib._bootstrap&gt;:1006: in _find_and_load_unlocked
    ???
&lt;frozen importlib._bootstrap&gt;:688: in _load_unlocked
    ???
.venv/lib/python3.10/site-packages/_pytest/assertion/rewrite.py:186: in exec_module
    exec(co, module.__dict__)
tests/graph/test_streaming_semantics.py:20: in &lt;module&gt;
    from examples.common.ctx import make_ctx, clear_time_cache
E   ModuleNotFoundError: No module named 'examples'</error></testcase><testcase classname="" name="tests.embedding.test_cache_and_batch_fallback" time="0.000"><error message="collection failure">ImportError while importing test module '/media/rahul/514150442B0A5F0612/ahrvo/corpus-protocol-suite/tests/embedding/test_cache_and_batch_fallback.py'.
Hint: make sure your test modules/packages have valid Python names.
Traceback:
.venv/lib/python3.10/site-packages/_pytest/python.py:498: in importtestmodule
    mod = import_path(
.venv/lib/python3.10/site-packages/_pytest/pathlib.py:587: in import_path
    importlib.import_module(module_name)
/usr/lib/python3.10/importlib/__init__.py:126: in import_module
    return _bootstrap._gcd_import(name[level:], package, level)
&lt;frozen importlib._bootstrap&gt;:1050: in _gcd_import
    ???
&lt;frozen importlib._bootstrap&gt;:1027: in _find_and_load
    ???
&lt;frozen importlib._bootstrap&gt;:1006: in _find_and_load_unlocked
    ???
&lt;frozen importlib._bootstrap&gt;:688: in _load_unlocked
    ???
.venv/lib/python3.10/site-packages/_pytest/assertion/rewrite.py:186: in exec_module
    exec(co, module.__dict__)
tests/embedding/test_cache_and_batch_fallback.py:27: in &lt;module&gt;
    from examples.common.ctx import make_ctx
E   ModuleNotFoundError: No module named 'examples'</error></testcase><testcase classname="" name="tests.embedding.test_capabilities_shape" time="0.000"><error message="collection failure">import file mismatch:
imported module 'test_capabilities_shape' has this __file__ attribute:
  /media/rahul/514150442B0A5F0612/ahrvo/corpus-protocol-suite/tests/vector/test_capabilities_shape.py
which is not the same as the test file we want to collect:
  /media/rahul/514150442B0A5F0612/ahrvo/corpus-protocol-suite/tests/embedding/test_capabilities_shape.py
HINT: remove __pycache__ / .pyc files and/or use a unique basename for your test file modules</error></testcase><testcase classname="" name="tests.embedding.test_context_siem" time="0.000"><error message="collection failure">import file mismatch:
imported module 'test_context_siem' has this __file__ attribute:
  /media/rahul/514150442B0A5F0612/ahrvo/corpus-protocol-suite/tests/vector/test_context_siem.py
which is not the same as the test file we want to collect:
  /media/rahul/514150442B0A5F0612/ahrvo/corpus-protocol-suite/tests/embedding/test_context_siem.py
HINT: remove __pycache__ / .pyc files and/or use a unique basename for your test file modules</error></testcase><testcase classname="" name="tests.embedding.test_count_tokens_behavior" time="0.000"><error message="collection failure">ImportError while importing test module '/media/rahul/514150442B0A5F0612/ahrvo/corpus-protocol-suite/tests/embedding/test_count_tokens_behavior.py'.
Hint: make sure your test modules/packages have valid Python names.
Traceback:
.venv/lib/python3.10/site-packages/_pytest/python.py:498: in importtestmodule
    mod = import_path(
.venv/lib/python3.10/site-packages/_pytest/pathlib.py:587: in import_path
    importlib.import_module(module_name)
/usr/lib/python3.10/importlib/__init__.py:126: in import_module
    return _bootstrap._gcd_import(name[level:], package, level)
&lt;frozen importlib._bootstrap&gt;:1050: in _gcd_import
    ???
&lt;frozen importlib._bootstrap&gt;:1027: in _find_and_load
    ???
&lt;frozen importlib._bootstrap&gt;:1006: in _find_and_load_unlocked
    ???
&lt;frozen importlib._bootstrap&gt;:688: in _load_unlocked
    ???
.venv/lib/python3.10/site-packages/_pytest/assertion/rewrite.py:186: in exec_module
    exec(co, module.__dict__)
tests/embedding/test_count_tokens_behavior.py:21: in &lt;module&gt;
    from examples.common.ctx import make_ctx
E   ModuleNotFoundError: No module named 'examples'</error></testcase><testcase classname="" name="tests.embedding.test_deadline_enforcement" time="0.000"><error message="collection failure">ImportError while importing test module '/media/rahul/514150442B0A5F0612/ahrvo/corpus-protocol-suite/tests/embedding/test_deadline_enforcement.py'.
Hint: make sure your test modules/packages have valid Python names.
Traceback:
.venv/lib/python3.10/site-packages/_pytest/python.py:498: in importtestmodule
    mod = import_path(
.venv/lib/python3.10/site-packages/_pytest/pathlib.py:587: in import_path
    importlib.import_module(module_name)
/usr/lib/python3.10/importlib/__init__.py:126: in import_module
    return _bootstrap._gcd_import(name[level:], package, level)
&lt;frozen importlib._bootstrap&gt;:1050: in _gcd_import
    ???
&lt;frozen importlib._bootstrap&gt;:1027: in _find_and_load
    ???
&lt;frozen importlib._bootstrap&gt;:1006: in _find_and_load_unlocked
    ???
&lt;frozen importlib._bootstrap&gt;:688: in _load_unlocked
    ???
.venv/lib/python3.10/site-packages/_pytest/assertion/rewrite.py:186: in exec_module
    exec(co, module.__dict__)
tests/embedding/test_deadline_enforcement.py:25: in &lt;module&gt;
    from examples.common.ctx import make_ctx, remaining_budget_ms, clear_time_cache
E   ModuleNotFoundError: No module named 'examples'</error></testcase><testcase classname="" name="tests.embedding.test_embed_basic" time="0.000"><error message="collection failure">ImportError while importing test module '/media/rahul/514150442B0A5F0612/ahrvo/corpus-protocol-suite/tests/embedding/test_embed_basic.py'.
Hint: make sure your test modules/packages have valid Python names.
Traceback:
.venv/lib/python3.10/site-packages/_pytest/python.py:498: in importtestmodule
    mod = import_path(
.venv/lib/python3.10/site-packages/_pytest/pathlib.py:587: in import_path
    importlib.import_module(module_name)
/usr/lib/python3.10/importlib/__init__.py:126: in import_module
    return _bootstrap._gcd_import(name[level:], package, level)
&lt;frozen importlib._bootstrap&gt;:1050: in _gcd_import
    ???
&lt;frozen importlib._bootstrap&gt;:1027: in _find_and_load
    ???
&lt;frozen importlib._bootstrap&gt;:1006: in _find_and_load_unlocked
    ???
&lt;frozen importlib._bootstrap&gt;:688: in _load_unlocked
    ???
.venv/lib/python3.10/site-packages/_pytest/assertion/rewrite.py:186: in exec_module
    exec(co, module.__dict__)
tests/embedding/test_embed_basic.py:25: in &lt;module&gt;
    from examples.common.ctx import make_ctx
E   ModuleNotFoundError: No module named 'examples'</error></testcase><testcase classname="" name="tests.embedding.test_embed_batch_basic" time="0.000"><error message="collection failure">ImportError while importing test module '/media/rahul/514150442B0A5F0612/ahrvo/corpus-protocol-suite/tests/embedding/test_embed_batch_basic.py'.
Hint: make sure your test modules/packages have valid Python names.
Traceback:
.venv/lib/python3.10/site-packages/_pytest/python.py:498: in importtestmodule
    mod = import_path(
.venv/lib/python3.10/site-packages/_pytest/pathlib.py:587: in import_path
    importlib.import_module(module_name)
/usr/lib/python3.10/importlib/__init__.py:126: in import_module
    return _bootstrap._gcd_import(name[level:], package, level)
&lt;frozen importlib._bootstrap&gt;:1050: in _gcd_import
    ???
&lt;frozen importlib._bootstrap&gt;:1027: in _find_and_load
    ???
&lt;frozen importlib._bootstrap&gt;:1006: in _find_and_load_unlocked
    ???
&lt;frozen importlib._bootstrap&gt;:688: in _load_unlocked
    ???
.venv/lib/python3.10/site-packages/_pytest/assertion/rewrite.py:186: in exec_module
    exec(co, module.__dict__)
tests/embedding/test_embed_batch_basic.py:27: in &lt;module&gt;
    from examples.common.ctx import make_ctx
E   ModuleNotFoundError: No module named 'examples'</error></testcase><testcase classname="" name="tests.embedding.test_error_mapping_retryable" time="0.000"><error message="collection failure">import file mismatch:
imported module 'test_error_mapping_retryable' has this __file__ attribute:
  /media/rahul/514150442B0A5F0612/ahrvo/corpus-protocol-suite/tests/vector/test_error_mapping_retryable.py
which is not the same as the test file we want to collect:
  /media/rahul/514150442B0A5F0612/ahrvo/corpus-protocol-suite/tests/embedding/test_error_mapping_retryable.py
HINT: remove __pycache__ / .pyc files and/or use a unique basename for your test file modules</error></testcase><testcase classname="" name="tests.embedding.test_health_report" time="0.000"><error message="collection failure">import file mismatch:
imported module 'test_health_report' has this __file__ attribute:
  /media/rahul/514150442B0A5F0612/ahrvo/corpus-protocol-suite/tests/vector/test_health_report.py
which is not the same as the test file we want to collect:
  /media/rahul/514150442B0A5F0612/ahrvo/corpus-protocol-suite/tests/embedding/test_health_report.py
HINT: remove __pycache__ / .pyc files and/or use a unique basename for your test file modules</error></testcase><testcase classname="" name="tests.embedding.test_normalization_semantics" time="0.000"><error message="collection failure">ImportError while importing test module '/media/rahul/514150442B0A5F0612/ahrvo/corpus-protocol-suite/tests/embedding/test_normalization_semantics.py'.
Hint: make sure your test modules/packages have valid Python names.
Traceback:
.venv/lib/python3.10/site-packages/_pytest/python.py:498: in importtestmodule
    mod = import_path(
.venv/lib/python3.10/site-packages/_pytest/pathlib.py:587: in import_path
    importlib.import_module(module_name)
/usr/lib/python3.10/importlib/__init__.py:126: in import_module
    return _bootstrap._gcd_import(name[level:], package, level)
&lt;frozen importlib._bootstrap&gt;:1050: in _gcd_import
    ???
&lt;frozen importlib._bootstrap&gt;:1027: in _find_and_load
    ???
&lt;frozen importlib._bootstrap&gt;:1006: in _find_and_load_unlocked
    ???
&lt;frozen importlib._bootstrap&gt;:688: in _load_unlocked
    ???
.venv/lib/python3.10/site-packages/_pytest/assertion/rewrite.py:186: in exec_module
    exec(co, module.__dict__)
tests/embedding/test_normalization_semantics.py:22: in &lt;module&gt;
    from examples.common.ctx import make_ctx
E   ModuleNotFoundError: No module named 'examples'</error></testcase><testcase classname="" name="tests.embedding.test_truncation_and_text_length" time="0.000"><error message="collection failure">ImportError while importing test module '/media/rahul/514150442B0A5F0612/ahrvo/corpus-protocol-suite/tests/embedding/test_truncation_and_text_length.py'.
Hint: make sure your test modules/packages have valid Python names.
Traceback:
.venv/lib/python3.10/site-packages/_pytest/python.py:498: in importtestmodule
    mod = import_path(
.venv/lib/python3.10/site-packages/_pytest/pathlib.py:587: in import_path
    importlib.import_module(module_name)
/usr/lib/python3.10/importlib/__init__.py:126: in import_module
    return _bootstrap._gcd_import(name[level:], package, level)
&lt;frozen importlib._bootstrap&gt;:1050: in _gcd_import
    ???
&lt;frozen importlib._bootstrap&gt;:1027: in _find_and_load
    ???
&lt;frozen importlib._bootstrap&gt;:1006: in _find_and_load_unlocked
    ???
&lt;frozen importlib._bootstrap&gt;:688: in _load_unlocked
    ???
.venv/lib/python3.10/site-packages/_pytest/assertion/rewrite.py:186: in exec_module
    exec(co, module.__dict__)
tests/embedding/test_truncation_and_text_length.py:22: in &lt;module&gt;
    from examples.common.ctx import make_ctx
E   ModuleNotFoundError: No module named 'examples'</error></testcase><testcase classname="" name="tests.embedding.test_wire_handler" time="0.000"><error message="collection failure">import file mismatch:
imported module 'test_wire_handler' has this __file__ attribute:
  /media/rahul/514150442B0A5F0612/ahrvo/corpus-protocol-suite/tests/vector/test_wire_handler.py
which is not the same as the test file we want to collect:
  /media/rahul/514150442B0A5F0612/ahrvo/corpus-protocol-suite/tests/embedding/test_wire_handler.py
HINT: remove __pycache__ / .pyc files and/or use a unique basename for your test file modules</error></testcase><testcase classname="tests.llm.test_capabilities_shape" name="test_capabilities_consistency_with_count_tokens" time="0.023"><error message="failed on setup with &quot;conftest.AdapterValidationError: Failed to import adapter module 'tests.mocks.mock_llm_adapter' for spec 'tests.mocks.mock_llm_adapter:MockLLMAdapter'.&quot;">spec = 'tests.mocks.mock_llm_adapter:MockLLMAdapter'

    def _load_class_from_spec(spec: str) -&gt; type:
        """
        Load and validate a class from a 'package.module:ClassName' string.
        """
        module_name, _, class_name = spec.partition(':')
        if not module_name or not class_name:
            raise AdapterValidationError(
                f"Invalid adapter spec '{spec}'. Expected 'package.module:ClassName'."
            )
    
        try:
&gt;           module = importlib.import_module(module_name)

tests/conftest.py:593: 
_ _ _ _ _ _ _ _ _ _ _ _ _ _ _ _ _ _ _ _ _ _ _ _ _ _ _ _ _ _ _ _ _ _ _ _ _ _ _ _ _ _ _ _ _ _ _ _ _ _ _ _ _ _ _ _ _ _ _ _ _ _ _ _ _ _ _ _ _ _ _ _ _ _ _ _ _ _ _ _ _ _ _ _ _ _ _ _ _ _ 

name = 'tests.mocks.mock_llm_adapter', package = None

    def import_module(name, package=None):
        """Import a module.
    
        The 'package' argument is required when performing a relative import. It
        specifies the package to use as the anchor point from which to resolve the
        relative import to an absolute import.
    
        """
        level = 0
        if name.startswith('.'):
            if not package:
                msg = ("the 'package' argument is required to perform a relative "
                       "import for {!r}")
                raise TypeError(msg.format(name))
            for character in name:
                if character != '.':
                    break
                level += 1
&gt;       return _bootstrap._gcd_import(name[level:], package, level)
E       ModuleNotFoundError: No module named 'tests'

/usr/lib/python3.10/importlib/__init__.py:126: ModuleNotFoundError

The above exception was the direct cause of the following exception:

    @pytest.fixture
    def adapter():
        """
        Generic, pluggable adapter fixture with enhanced validation.
        """
&gt;       Adapter = _get_adapter_class()

tests/conftest.py:643: 
_ _ _ _ _ _ _ _ _ _ _ _ _ _ _ _ _ _ _ _ _ _ _ _ _ _ _ _ _ _ _ _ _ _ _ _ _ _ _ _ _ _ _ _ _ _ _ _ _ _ _ _ _ _ _ _ _ _ _ _ _ _ _ _ _ _ _ _ _ _ _ _ _ _ _ _ _ _ _ _ _ _ _ _ _ _ _ _ _ _ 
tests/conftest.py:626: in _get_adapter_class
    _ADAPTER_CLASS = _load_class_from_spec(spec)
_ _ _ _ _ _ _ _ _ _ _ _ _ _ _ _ _ _ _ _ _ _ _ _ _ _ _ _ _ _ _ _ _ _ _ _ _ _ _ _ _ _ _ _ _ _ _ _ _ _ _ _ _ _ _ _ _ _ _ _ _ _ _ _ _ _ _ _ _ _ _ _ _ _ _ _ _ _ _ _ _ _ _ _ _ _ _ _ _ _ 

spec = 'tests.mocks.mock_llm_adapter:MockLLMAdapter'

    def _load_class_from_spec(spec: str) -&gt; type:
        """
        Load and validate a class from a 'package.module:ClassName' string.
        """
        module_name, _, class_name = spec.partition(':')
        if not module_name or not class_name:
            raise AdapterValidationError(
                f"Invalid adapter spec '{spec}'. Expected 'package.module:ClassName'."
            )
    
        try:
            module = importlib.import_module(module_name)
        except ImportError as exc:
&gt;           raise AdapterValidationError(
                f"Failed to import adapter module '{module_name}' for spec '{spec}'."
            ) from exc
E           conftest.AdapterValidationError: Failed to import adapter module 'tests.mocks.mock_llm_adapter' for spec 'tests.mocks.mock_llm_adapter:MockLLMAdapter'.

tests/conftest.py:595: AdapterValidationError</error></testcase><testcase classname="tests.llm.test_context_siem" name="test_observability_context_propagates_to_metrics_siem_safe" time="0.031"><error message="failed on setup with &quot;conftest.AdapterValidationError: Failed to import adapter module 'tests.mocks.mock_llm_adapter' for spec 'tests.mocks.mock_llm_adapter:MockLLMAdapter'.&quot;">spec = 'tests.mocks.mock_llm_adapter:MockLLMAdapter'

    def _load_class_from_spec(spec: str) -&gt; type:
        """
        Load and validate a class from a 'package.module:ClassName' string.
        """
        module_name, _, class_name = spec.partition(':')
        if not module_name or not class_name:
            raise AdapterValidationError(
                f"Invalid adapter spec '{spec}'. Expected 'package.module:ClassName'."
            )
    
        try:
&gt;           module = importlib.import_module(module_name)

tests/conftest.py:593: 
_ _ _ _ _ _ _ _ _ _ _ _ _ _ _ _ _ _ _ _ _ _ _ _ _ _ _ _ _ _ _ _ _ _ _ _ _ _ _ _ _ _ _ _ _ _ _ _ _ _ _ _ _ _ _ _ _ _ _ _ _ _ _ _ _ _ _ _ _ _ _ _ _ _ _ _ _ _ _ _ _ _ _ _ _ _ _ _ _ _ 

name = 'tests.mocks.mock_llm_adapter', package = None

    def import_module(name, package=None):
        """Import a module.
    
        The 'package' argument is required when performing a relative import. It
        specifies the package to use as the anchor point from which to resolve the
        relative import to an absolute import.
    
        """
        level = 0
        if name.startswith('.'):
            if not package:
                msg = ("the 'package' argument is required to perform a relative "
                       "import for {!r}")
                raise TypeError(msg.format(name))
            for character in name:
                if character != '.':
                    break
                level += 1
&gt;       return _bootstrap._gcd_import(name[level:], package, level)
E       ModuleNotFoundError: No module named 'tests'

/usr/lib/python3.10/importlib/__init__.py:126: ModuleNotFoundError

The above exception was the direct cause of the following exception:

    @pytest.fixture
    def adapter():
        """
        Generic, pluggable adapter fixture with enhanced validation.
        """
&gt;       Adapter = _get_adapter_class()

tests/conftest.py:643: 
_ _ _ _ _ _ _ _ _ _ _ _ _ _ _ _ _ _ _ _ _ _ _ _ _ _ _ _ _ _ _ _ _ _ _ _ _ _ _ _ _ _ _ _ _ _ _ _ _ _ _ _ _ _ _ _ _ _ _ _ _ _ _ _ _ _ _ _ _ _ _ _ _ _ _ _ _ _ _ _ _ _ _ _ _ _ _ _ _ _ 
tests/conftest.py:626: in _get_adapter_class
    _ADAPTER_CLASS = _load_class_from_spec(spec)
_ _ _ _ _ _ _ _ _ _ _ _ _ _ _ _ _ _ _ _ _ _ _ _ _ _ _ _ _ _ _ _ _ _ _ _ _ _ _ _ _ _ _ _ _ _ _ _ _ _ _ _ _ _ _ _ _ _ _ _ _ _ _ _ _ _ _ _ _ _ _ _ _ _ _ _ _ _ _ _ _ _ _ _ _ _ _ _ _ _ 

spec = 'tests.mocks.mock_llm_adapter:MockLLMAdapter'

    def _load_class_from_spec(spec: str) -&gt; type:
        """
        Load and validate a class from a 'package.module:ClassName' string.
        """
        module_name, _, class_name = spec.partition(':')
        if not module_name or not class_name:
            raise AdapterValidationError(
                f"Invalid adapter spec '{spec}'. Expected 'package.module:ClassName'."
            )
    
        try:
            module = importlib.import_module(module_name)
        except ImportError as exc:
&gt;           raise AdapterValidationError(
                f"Failed to import adapter module '{module_name}' for spec '{spec}'."
            ) from exc
E           conftest.AdapterValidationError: Failed to import adapter module 'tests.mocks.mock_llm_adapter' for spec 'tests.mocks.mock_llm_adapter:MockLLMAdapter'.

tests/conftest.py:595: AdapterValidationError</error></testcase><testcase classname="tests.llm.test_count_tokens_consistency" name="test_token_counting_count_tokens_monotonic" time="0.026"><error message="failed on setup with &quot;conftest.AdapterValidationError: Failed to import adapter module 'tests.mocks.mock_llm_adapter' for spec 'tests.mocks.mock_llm_adapter:MockLLMAdapter'.&quot;">spec = 'tests.mocks.mock_llm_adapter:MockLLMAdapter'

    def _load_class_from_spec(spec: str) -&gt; type:
        """
        Load and validate a class from a 'package.module:ClassName' string.
        """
        module_name, _, class_name = spec.partition(':')
        if not module_name or not class_name:
            raise AdapterValidationError(
                f"Invalid adapter spec '{spec}'. Expected 'package.module:ClassName'."
            )
    
        try:
&gt;           module = importlib.import_module(module_name)

tests/conftest.py:593: 
_ _ _ _ _ _ _ _ _ _ _ _ _ _ _ _ _ _ _ _ _ _ _ _ _ _ _ _ _ _ _ _ _ _ _ _ _ _ _ _ _ _ _ _ _ _ _ _ _ _ _ _ _ _ _ _ _ _ _ _ _ _ _ _ _ _ _ _ _ _ _ _ _ _ _ _ _ _ _ _ _ _ _ _ _ _ _ _ _ _ 

name = 'tests.mocks.mock_llm_adapter', package = None

    def import_module(name, package=None):
        """Import a module.
    
        The 'package' argument is required when performing a relative import. It
        specifies the package to use as the anchor point from which to resolve the
        relative import to an absolute import.
    
        """
        level = 0
        if name.startswith('.'):
            if not package:
                msg = ("the 'package' argument is required to perform a relative "
                       "import for {!r}")
                raise TypeError(msg.format(name))
            for character in name:
                if character != '.':
                    break
                level += 1
&gt;       return _bootstrap._gcd_import(name[level:], package, level)
E       ModuleNotFoundError: No module named 'tests'

/usr/lib/python3.10/importlib/__init__.py:126: ModuleNotFoundError

The above exception was the direct cause of the following exception:

    @pytest.fixture
    def adapter():
        """
        Generic, pluggable adapter fixture with enhanced validation.
        """
&gt;       Adapter = _get_adapter_class()

tests/conftest.py:643: 
_ _ _ _ _ _ _ _ _ _ _ _ _ _ _ _ _ _ _ _ _ _ _ _ _ _ _ _ _ _ _ _ _ _ _ _ _ _ _ _ _ _ _ _ _ _ _ _ _ _ _ _ _ _ _ _ _ _ _ _ _ _ _ _ _ _ _ _ _ _ _ _ _ _ _ _ _ _ _ _ _ _ _ _ _ _ _ _ _ _ 
tests/conftest.py:626: in _get_adapter_class
    _ADAPTER_CLASS = _load_class_from_spec(spec)
_ _ _ _ _ _ _ _ _ _ _ _ _ _ _ _ _ _ _ _ _ _ _ _ _ _ _ _ _ _ _ _ _ _ _ _ _ _ _ _ _ _ _ _ _ _ _ _ _ _ _ _ _ _ _ _ _ _ _ _ _ _ _ _ _ _ _ _ _ _ _ _ _ _ _ _ _ _ _ _ _ _ _ _ _ _ _ _ _ _ 

spec = 'tests.mocks.mock_llm_adapter:MockLLMAdapter'

    def _load_class_from_spec(spec: str) -&gt; type:
        """
        Load and validate a class from a 'package.module:ClassName' string.
        """
        module_name, _, class_name = spec.partition(':')
        if not module_name or not class_name:
            raise AdapterValidationError(
                f"Invalid adapter spec '{spec}'. Expected 'package.module:ClassName'."
            )
    
        try:
            module = importlib.import_module(module_name)
        except ImportError as exc:
&gt;           raise AdapterValidationError(
                f"Failed to import adapter module '{module_name}' for spec '{spec}'."
            ) from exc
E           conftest.AdapterValidationError: Failed to import adapter module 'tests.mocks.mock_llm_adapter' for spec 'tests.mocks.mock_llm_adapter:MockLLMAdapter'.

tests/conftest.py:595: AdapterValidationError</error></testcase><testcase classname="tests.llm.test_health_report" name="test_health_health_deadline_preexpired_raises_deadline_exceeded" time="0.019"><error message="failed on setup with &quot;conftest.AdapterValidationError: Failed to import adapter module 'tests.mocks.mock_llm_adapter' for spec 'tests.mocks.mock_llm_adapter:MockLLMAdapter'.&quot;">spec = 'tests.mocks.mock_llm_adapter:MockLLMAdapter'

    def _load_class_from_spec(spec: str) -&gt; type:
        """
        Load and validate a class from a 'package.module:ClassName' string.
        """
        module_name, _, class_name = spec.partition(':')
        if not module_name or not class_name:
            raise AdapterValidationError(
                f"Invalid adapter spec '{spec}'. Expected 'package.module:ClassName'."
            )
    
        try:
&gt;           module = importlib.import_module(module_name)

tests/conftest.py:593: 
_ _ _ _ _ _ _ _ _ _ _ _ _ _ _ _ _ _ _ _ _ _ _ _ _ _ _ _ _ _ _ _ _ _ _ _ _ _ _ _ _ _ _ _ _ _ _ _ _ _ _ _ _ _ _ _ _ _ _ _ _ _ _ _ _ _ _ _ _ _ _ _ _ _ _ _ _ _ _ _ _ _ _ _ _ _ _ _ _ _ 

name = 'tests.mocks.mock_llm_adapter', package = None

    def import_module(name, package=None):
        """Import a module.
    
        The 'package' argument is required when performing a relative import. It
        specifies the package to use as the anchor point from which to resolve the
        relative import to an absolute import.
    
        """
        level = 0
        if name.startswith('.'):
            if not package:
                msg = ("the 'package' argument is required to perform a relative "
                       "import for {!r}")
                raise TypeError(msg.format(name))
            for character in name:
                if character != '.':
                    break
                level += 1
&gt;       return _bootstrap._gcd_import(name[level:], package, level)
E       ModuleNotFoundError: No module named 'tests'

/usr/lib/python3.10/importlib/__init__.py:126: ModuleNotFoundError

The above exception was the direct cause of the following exception:

    @pytest.fixture
    def adapter():
        """
        Generic, pluggable adapter fixture with enhanced validation.
        """
&gt;       Adapter = _get_adapter_class()

tests/conftest.py:643: 
_ _ _ _ _ _ _ _ _ _ _ _ _ _ _ _ _ _ _ _ _ _ _ _ _ _ _ _ _ _ _ _ _ _ _ _ _ _ _ _ _ _ _ _ _ _ _ _ _ _ _ _ _ _ _ _ _ _ _ _ _ _ _ _ _ _ _ _ _ _ _ _ _ _ _ _ _ _ _ _ _ _ _ _ _ _ _ _ _ _ 
tests/conftest.py:626: in _get_adapter_class
    _ADAPTER_CLASS = _load_class_from_spec(spec)
_ _ _ _ _ _ _ _ _ _ _ _ _ _ _ _ _ _ _ _ _ _ _ _ _ _ _ _ _ _ _ _ _ _ _ _ _ _ _ _ _ _ _ _ _ _ _ _ _ _ _ _ _ _ _ _ _ _ _ _ _ _ _ _ _ _ _ _ _ _ _ _ _ _ _ _ _ _ _ _ _ _ _ _ _ _ _ _ _ _ 

spec = 'tests.mocks.mock_llm_adapter:MockLLMAdapter'

    def _load_class_from_spec(spec: str) -&gt; type:
        """
        Load and validate a class from a 'package.module:ClassName' string.
        """
        module_name, _, class_name = spec.partition(':')
        if not module_name or not class_name:
            raise AdapterValidationError(
                f"Invalid adapter spec '{spec}'. Expected 'package.module:ClassName'."
            )
    
        try:
            module = importlib.import_module(module_name)
        except ImportError as exc:
&gt;           raise AdapterValidationError(
                f"Failed to import adapter module '{module_name}' for spec '{spec}'."
            ) from exc
E           conftest.AdapterValidationError: Failed to import adapter module 'tests.mocks.mock_llm_adapter' for spec 'tests.mocks.mock_llm_adapter:MockLLMAdapter'.

tests/conftest.py:595: AdapterValidationError</error></testcase><testcase classname="tests.llm.test_complete_basic" name="test_core_ops_complete_basic_text_and_usage" time="0.017"><error message="failed on setup with &quot;conftest.AdapterValidationError: Failed to import adapter module 'tests.mocks.mock_llm_adapter' for spec 'tests.mocks.mock_llm_adapter:MockLLMAdapter'.&quot;">spec = 'tests.mocks.mock_llm_adapter:MockLLMAdapter'

    def _load_class_from_spec(spec: str) -&gt; type:
        """
        Load and validate a class from a 'package.module:ClassName' string.
        """
        module_name, _, class_name = spec.partition(':')
        if not module_name or not class_name:
            raise AdapterValidationError(
                f"Invalid adapter spec '{spec}'. Expected 'package.module:ClassName'."
            )
    
        try:
&gt;           module = importlib.import_module(module_name)

tests/conftest.py:593: 
_ _ _ _ _ _ _ _ _ _ _ _ _ _ _ _ _ _ _ _ _ _ _ _ _ _ _ _ _ _ _ _ _ _ _ _ _ _ _ _ _ _ _ _ _ _ _ _ _ _ _ _ _ _ _ _ _ _ _ _ _ _ _ _ _ _ _ _ _ _ _ _ _ _ _ _ _ _ _ _ _ _ _ _ _ _ _ _ _ _ 

name = 'tests.mocks.mock_llm_adapter', package = None

    def import_module(name, package=None):
        """Import a module.
    
        The 'package' argument is required when performing a relative import. It
        specifies the package to use as the anchor point from which to resolve the
        relative import to an absolute import.
    
        """
        level = 0
        if name.startswith('.'):
            if not package:
                msg = ("the 'package' argument is required to perform a relative "
                       "import for {!r}")
                raise TypeError(msg.format(name))
            for character in name:
                if character != '.':
                    break
                level += 1
&gt;       return _bootstrap._gcd_import(name[level:], package, level)
E       ModuleNotFoundError: No module named 'tests'

/usr/lib/python3.10/importlib/__init__.py:126: ModuleNotFoundError

The above exception was the direct cause of the following exception:

    @pytest.fixture
    def adapter():
        """
        Generic, pluggable adapter fixture with enhanced validation.
        """
&gt;       Adapter = _get_adapter_class()

tests/conftest.py:643: 
_ _ _ _ _ _ _ _ _ _ _ _ _ _ _ _ _ _ _ _ _ _ _ _ _ _ _ _ _ _ _ _ _ _ _ _ _ _ _ _ _ _ _ _ _ _ _ _ _ _ _ _ _ _ _ _ _ _ _ _ _ _ _ _ _ _ _ _ _ _ _ _ _ _ _ _ _ _ _ _ _ _ _ _ _ _ _ _ _ _ 
tests/conftest.py:626: in _get_adapter_class
    _ADAPTER_CLASS = _load_class_from_spec(spec)
_ _ _ _ _ _ _ _ _ _ _ _ _ _ _ _ _ _ _ _ _ _ _ _ _ _ _ _ _ _ _ _ _ _ _ _ _ _ _ _ _ _ _ _ _ _ _ _ _ _ _ _ _ _ _ _ _ _ _ _ _ _ _ _ _ _ _ _ _ _ _ _ _ _ _ _ _ _ _ _ _ _ _ _ _ _ _ _ _ _ 

spec = 'tests.mocks.mock_llm_adapter:MockLLMAdapter'

    def _load_class_from_spec(spec: str) -&gt; type:
        """
        Load and validate a class from a 'package.module:ClassName' string.
        """
        module_name, _, class_name = spec.partition(':')
        if not module_name or not class_name:
            raise AdapterValidationError(
                f"Invalid adapter spec '{spec}'. Expected 'package.module:ClassName'."
            )
    
        try:
            module = importlib.import_module(module_name)
        except ImportError as exc:
&gt;           raise AdapterValidationError(
                f"Failed to import adapter module '{module_name}' for spec '{spec}'."
            ) from exc
E           conftest.AdapterValidationError: Failed to import adapter module 'tests.mocks.mock_llm_adapter' for spec 'tests.mocks.mock_llm_adapter:MockLLMAdapter'.

tests/conftest.py:595: AdapterValidationError</error></testcase><testcase classname="tests.llm.test_capabilities_shape" name="test_capabilities_capabilities_shape_and_required_fields" time="0.040"><error message="failed on setup with &quot;conftest.AdapterValidationError: Failed to import adapter module 'tests.mocks.mock_llm_adapter' for spec 'tests.mocks.mock_llm_adapter:MockLLMAdapter'.&quot;">spec = 'tests.mocks.mock_llm_adapter:MockLLMAdapter'

    def _load_class_from_spec(spec: str) -&gt; type:
        """
        Load and validate a class from a 'package.module:ClassName' string.
        """
        module_name, _, class_name = spec.partition(':')
        if not module_name or not class_name:
            raise AdapterValidationError(
                f"Invalid adapter spec '{spec}'. Expected 'package.module:ClassName'."
            )
    
        try:
&gt;           module = importlib.import_module(module_name)

tests/conftest.py:593: 
_ _ _ _ _ _ _ _ _ _ _ _ _ _ _ _ _ _ _ _ _ _ _ _ _ _ _ _ _ _ _ _ _ _ _ _ _ _ _ _ _ _ _ _ _ _ _ _ _ _ _ _ _ _ _ _ _ _ _ _ _ _ _ _ _ _ _ _ _ _ _ _ _ _ _ _ _ _ _ _ _ _ _ _ _ _ _ _ _ _ 

name = 'tests.mocks.mock_llm_adapter', package = None

    def import_module(name, package=None):
        """Import a module.
    
        The 'package' argument is required when performing a relative import. It
        specifies the package to use as the anchor point from which to resolve the
        relative import to an absolute import.
    
        """
        level = 0
        if name.startswith('.'):
            if not package:
                msg = ("the 'package' argument is required to perform a relative "
                       "import for {!r}")
                raise TypeError(msg.format(name))
            for character in name:
                if character != '.':
                    break
                level += 1
&gt;       return _bootstrap._gcd_import(name[level:], package, level)
E       ModuleNotFoundError: No module named 'tests'

/usr/lib/python3.10/importlib/__init__.py:126: ModuleNotFoundError

The above exception was the direct cause of the following exception:

    @pytest.fixture
    def adapter():
        """
        Generic, pluggable adapter fixture with enhanced validation.
        """
&gt;       Adapter = _get_adapter_class()

tests/conftest.py:643: 
_ _ _ _ _ _ _ _ _ _ _ _ _ _ _ _ _ _ _ _ _ _ _ _ _ _ _ _ _ _ _ _ _ _ _ _ _ _ _ _ _ _ _ _ _ _ _ _ _ _ _ _ _ _ _ _ _ _ _ _ _ _ _ _ _ _ _ _ _ _ _ _ _ _ _ _ _ _ _ _ _ _ _ _ _ _ _ _ _ _ 
tests/conftest.py:626: in _get_adapter_class
    _ADAPTER_CLASS = _load_class_from_spec(spec)
_ _ _ _ _ _ _ _ _ _ _ _ _ _ _ _ _ _ _ _ _ _ _ _ _ _ _ _ _ _ _ _ _ _ _ _ _ _ _ _ _ _ _ _ _ _ _ _ _ _ _ _ _ _ _ _ _ _ _ _ _ _ _ _ _ _ _ _ _ _ _ _ _ _ _ _ _ _ _ _ _ _ _ _ _ _ _ _ _ _ 

spec = 'tests.mocks.mock_llm_adapter:MockLLMAdapter'

    def _load_class_from_spec(spec: str) -&gt; type:
        """
        Load and validate a class from a 'package.module:ClassName' string.
        """
        module_name, _, class_name = spec.partition(':')
        if not module_name or not class_name:
            raise AdapterValidationError(
                f"Invalid adapter spec '{spec}'. Expected 'package.module:ClassName'."
            )
    
        try:
            module = importlib.import_module(module_name)
        except ImportError as exc:
&gt;           raise AdapterValidationError(
                f"Failed to import adapter module '{module_name}' for spec '{spec}'."
            ) from exc
E           conftest.AdapterValidationError: Failed to import adapter module 'tests.mocks.mock_llm_adapter' for spec 'tests.mocks.mock_llm_adapter:MockLLMAdapter'.

tests/conftest.py:595: AdapterValidationError</error></testcase><testcase classname="tests.llm.test_error_mapping_retryable" name="test_error_handling_bad_request_is_non_retryable_and_no_retry_after" time="0.024"><error message="failed on setup with &quot;conftest.AdapterValidationError: Failed to import adapter module 'tests.mocks.mock_llm_adapter' for spec 'tests.mocks.mock_llm_adapter:MockLLMAdapter'.&quot;">spec = 'tests.mocks.mock_llm_adapter:MockLLMAdapter'

    def _load_class_from_spec(spec: str) -&gt; type:
        """
        Load and validate a class from a 'package.module:ClassName' string.
        """
        module_name, _, class_name = spec.partition(':')
        if not module_name or not class_name:
            raise AdapterValidationError(
                f"Invalid adapter spec '{spec}'. Expected 'package.module:ClassName'."
            )
    
        try:
&gt;           module = importlib.import_module(module_name)

tests/conftest.py:593: 
_ _ _ _ _ _ _ _ _ _ _ _ _ _ _ _ _ _ _ _ _ _ _ _ _ _ _ _ _ _ _ _ _ _ _ _ _ _ _ _ _ _ _ _ _ _ _ _ _ _ _ _ _ _ _ _ _ _ _ _ _ _ _ _ _ _ _ _ _ _ _ _ _ _ _ _ _ _ _ _ _ _ _ _ _ _ _ _ _ _ 

name = 'tests.mocks.mock_llm_adapter', package = None

    def import_module(name, package=None):
        """Import a module.
    
        The 'package' argument is required when performing a relative import. It
        specifies the package to use as the anchor point from which to resolve the
        relative import to an absolute import.
    
        """
        level = 0
        if name.startswith('.'):
            if not package:
                msg = ("the 'package' argument is required to perform a relative "
                       "import for {!r}")
                raise TypeError(msg.format(name))
            for character in name:
                if character != '.':
                    break
                level += 1
&gt;       return _bootstrap._gcd_import(name[level:], package, level)
E       ModuleNotFoundError: No module named 'tests'

/usr/lib/python3.10/importlib/__init__.py:126: ModuleNotFoundError

The above exception was the direct cause of the following exception:

    @pytest.fixture
    def adapter():
        """
        Generic, pluggable adapter fixture with enhanced validation.
        """
&gt;       Adapter = _get_adapter_class()

tests/conftest.py:643: 
_ _ _ _ _ _ _ _ _ _ _ _ _ _ _ _ _ _ _ _ _ _ _ _ _ _ _ _ _ _ _ _ _ _ _ _ _ _ _ _ _ _ _ _ _ _ _ _ _ _ _ _ _ _ _ _ _ _ _ _ _ _ _ _ _ _ _ _ _ _ _ _ _ _ _ _ _ _ _ _ _ _ _ _ _ _ _ _ _ _ 
tests/conftest.py:626: in _get_adapter_class
    _ADAPTER_CLASS = _load_class_from_spec(spec)
_ _ _ _ _ _ _ _ _ _ _ _ _ _ _ _ _ _ _ _ _ _ _ _ _ _ _ _ _ _ _ _ _ _ _ _ _ _ _ _ _ _ _ _ _ _ _ _ _ _ _ _ _ _ _ _ _ _ _ _ _ _ _ _ _ _ _ _ _ _ _ _ _ _ _ _ _ _ _ _ _ _ _ _ _ _ _ _ _ _ 

spec = 'tests.mocks.mock_llm_adapter:MockLLMAdapter'

    def _load_class_from_spec(spec: str) -&gt; type:
        """
        Load and validate a class from a 'package.module:ClassName' string.
        """
        module_name, _, class_name = spec.partition(':')
        if not module_name or not class_name:
            raise AdapterValidationError(
                f"Invalid adapter spec '{spec}'. Expected 'package.module:ClassName'."
            )
    
        try:
            module = importlib.import_module(module_name)
        except ImportError as exc:
&gt;           raise AdapterValidationError(
                f"Failed to import adapter module '{module_name}' for spec '{spec}'."
            ) from exc
E           conftest.AdapterValidationError: Failed to import adapter module 'tests.mocks.mock_llm_adapter' for spec 'tests.mocks.mock_llm_adapter:MockLLMAdapter'.

tests/conftest.py:595: AdapterValidationError</error></testcase><testcase classname="tests.llm.test_deadline_enforcement" name="test_deadline_deadline_budget_nonnegative_and_usable" time="0.036"><error message="failed on setup with &quot;conftest.AdapterValidationError: Failed to import adapter module 'tests.mocks.mock_llm_adapter' for spec 'tests.mocks.mock_llm_adapter:MockLLMAdapter'.&quot;">spec = 'tests.mocks.mock_llm_adapter:MockLLMAdapter'

    def _load_class_from_spec(spec: str) -&gt; type:
        """
        Load and validate a class from a 'package.module:ClassName' string.
        """
        module_name, _, class_name = spec.partition(':')
        if not module_name or not class_name:
            raise AdapterValidationError(
                f"Invalid adapter spec '{spec}'. Expected 'package.module:ClassName'."
            )
    
        try:
&gt;           module = importlib.import_module(module_name)

tests/conftest.py:593: 
_ _ _ _ _ _ _ _ _ _ _ _ _ _ _ _ _ _ _ _ _ _ _ _ _ _ _ _ _ _ _ _ _ _ _ _ _ _ _ _ _ _ _ _ _ _ _ _ _ _ _ _ _ _ _ _ _ _ _ _ _ _ _ _ _ _ _ _ _ _ _ _ _ _ _ _ _ _ _ _ _ _ _ _ _ _ _ _ _ _ 

name = 'tests.mocks.mock_llm_adapter', package = None

    def import_module(name, package=None):
        """Import a module.
    
        The 'package' argument is required when performing a relative import. It
        specifies the package to use as the anchor point from which to resolve the
        relative import to an absolute import.
    
        """
        level = 0
        if name.startswith('.'):
            if not package:
                msg = ("the 'package' argument is required to perform a relative "
                       "import for {!r}")
                raise TypeError(msg.format(name))
            for character in name:
                if character != '.':
                    break
                level += 1
&gt;       return _bootstrap._gcd_import(name[level:], package, level)
E       ModuleNotFoundError: No module named 'tests'

/usr/lib/python3.10/importlib/__init__.py:126: ModuleNotFoundError

The above exception was the direct cause of the following exception:

    @pytest.fixture
    def adapter():
        """
        Generic, pluggable adapter fixture with enhanced validation.
        """
&gt;       Adapter = _get_adapter_class()

tests/conftest.py:643: 
_ _ _ _ _ _ _ _ _ _ _ _ _ _ _ _ _ _ _ _ _ _ _ _ _ _ _ _ _ _ _ _ _ _ _ _ _ _ _ _ _ _ _ _ _ _ _ _ _ _ _ _ _ _ _ _ _ _ _ _ _ _ _ _ _ _ _ _ _ _ _ _ _ _ _ _ _ _ _ _ _ _ _ _ _ _ _ _ _ _ 
tests/conftest.py:626: in _get_adapter_class
    _ADAPTER_CLASS = _load_class_from_spec(spec)
_ _ _ _ _ _ _ _ _ _ _ _ _ _ _ _ _ _ _ _ _ _ _ _ _ _ _ _ _ _ _ _ _ _ _ _ _ _ _ _ _ _ _ _ _ _ _ _ _ _ _ _ _ _ _ _ _ _ _ _ _ _ _ _ _ _ _ _ _ _ _ _ _ _ _ _ _ _ _ _ _ _ _ _ _ _ _ _ _ _ 

spec = 'tests.mocks.mock_llm_adapter:MockLLMAdapter'

    def _load_class_from_spec(spec: str) -&gt; type:
        """
        Load and validate a class from a 'package.module:ClassName' string.
        """
        module_name, _, class_name = spec.partition(':')
        if not module_name or not class_name:
            raise AdapterValidationError(
                f"Invalid adapter spec '{spec}'. Expected 'package.module:ClassName'."
            )
    
        try:
            module = importlib.import_module(module_name)
        except ImportError as exc:
&gt;           raise AdapterValidationError(
                f"Failed to import adapter module '{module_name}' for spec '{spec}'."
            ) from exc
E           conftest.AdapterValidationError: Failed to import adapter module 'tests.mocks.mock_llm_adapter' for spec 'tests.mocks.mock_llm_adapter:MockLLMAdapter'.

tests/conftest.py:595: AdapterValidationError</error></testcase><testcase classname="tests.llm.test_capabilities_shape" name="test_capabilities_consistency_with_streaming" time="0.003"><error message="failed on setup with &quot;conftest.AdapterValidationError: Failed to import adapter module 'tests.mocks.mock_llm_adapter' for spec 'tests.mocks.mock_llm_adapter:MockLLMAdapter'.&quot;">spec = 'tests.mocks.mock_llm_adapter:MockLLMAdapter'

    def _load_class_from_spec(spec: str) -&gt; type:
        """
        Load and validate a class from a 'package.module:ClassName' string.
        """
        module_name, _, class_name = spec.partition(':')
        if not module_name or not class_name:
            raise AdapterValidationError(
                f"Invalid adapter spec '{spec}'. Expected 'package.module:ClassName'."
            )
    
        try:
&gt;           module = importlib.import_module(module_name)

tests/conftest.py:593: 
_ _ _ _ _ _ _ _ _ _ _ _ _ _ _ _ _ _ _ _ _ _ _ _ _ _ _ _ _ _ _ _ _ _ _ _ _ _ _ _ _ _ _ _ _ _ _ _ _ _ _ _ _ _ _ _ _ _ _ _ _ _ _ _ _ _ _ _ _ _ _ _ _ _ _ _ _ _ _ _ _ _ _ _ _ _ _ _ _ _ 

name = 'tests.mocks.mock_llm_adapter', package = None

    def import_module(name, package=None):
        """Import a module.
    
        The 'package' argument is required when performing a relative import. It
        specifies the package to use as the anchor point from which to resolve the
        relative import to an absolute import.
    
        """
        level = 0
        if name.startswith('.'):
            if not package:
                msg = ("the 'package' argument is required to perform a relative "
                       "import for {!r}")
                raise TypeError(msg.format(name))
            for character in name:
                if character != '.':
                    break
                level += 1
&gt;       return _bootstrap._gcd_import(name[level:], package, level)
E       ModuleNotFoundError: No module named 'tests'

/usr/lib/python3.10/importlib/__init__.py:126: ModuleNotFoundError

The above exception was the direct cause of the following exception:

    @pytest.fixture
    def adapter():
        """
        Generic, pluggable adapter fixture with enhanced validation.
        """
&gt;       Adapter = _get_adapter_class()

tests/conftest.py:643: 
_ _ _ _ _ _ _ _ _ _ _ _ _ _ _ _ _ _ _ _ _ _ _ _ _ _ _ _ _ _ _ _ _ _ _ _ _ _ _ _ _ _ _ _ _ _ _ _ _ _ _ _ _ _ _ _ _ _ _ _ _ _ _ _ _ _ _ _ _ _ _ _ _ _ _ _ _ _ _ _ _ _ _ _ _ _ _ _ _ _ 
tests/conftest.py:626: in _get_adapter_class
    _ADAPTER_CLASS = _load_class_from_spec(spec)
_ _ _ _ _ _ _ _ _ _ _ _ _ _ _ _ _ _ _ _ _ _ _ _ _ _ _ _ _ _ _ _ _ _ _ _ _ _ _ _ _ _ _ _ _ _ _ _ _ _ _ _ _ _ _ _ _ _ _ _ _ _ _ _ _ _ _ _ _ _ _ _ _ _ _ _ _ _ _ _ _ _ _ _ _ _ _ _ _ _ 

spec = 'tests.mocks.mock_llm_adapter:MockLLMAdapter'

    def _load_class_from_spec(spec: str) -&gt; type:
        """
        Load and validate a class from a 'package.module:ClassName' string.
        """
        module_name, _, class_name = spec.partition(':')
        if not module_name or not class_name:
            raise AdapterValidationError(
                f"Invalid adapter spec '{spec}'. Expected 'package.module:ClassName'."
            )
    
        try:
            module = importlib.import_module(module_name)
        except ImportError as exc:
&gt;           raise AdapterValidationError(
                f"Failed to import adapter module '{module_name}' for spec '{spec}'."
            ) from exc
E           conftest.AdapterValidationError: Failed to import adapter module 'tests.mocks.mock_llm_adapter' for spec 'tests.mocks.mock_llm_adapter:MockLLMAdapter'.

tests/conftest.py:595: AdapterValidationError</error></testcase><testcase classname="tests.llm.test_complete_basic" name="test_core_ops_complete_different_message_structures" time="0.003"><error message="failed on setup with &quot;conftest.AdapterValidationError: Failed to import adapter module 'tests.mocks.mock_llm_adapter' for spec 'tests.mocks.mock_llm_adapter:MockLLMAdapter'.&quot;">spec = 'tests.mocks.mock_llm_adapter:MockLLMAdapter'

    def _load_class_from_spec(spec: str) -&gt; type:
        """
        Load and validate a class from a 'package.module:ClassName' string.
        """
        module_name, _, class_name = spec.partition(':')
        if not module_name or not class_name:
            raise AdapterValidationError(
                f"Invalid adapter spec '{spec}'. Expected 'package.module:ClassName'."
            )
    
        try:
&gt;           module = importlib.import_module(module_name)

tests/conftest.py:593: 
_ _ _ _ _ _ _ _ _ _ _ _ _ _ _ _ _ _ _ _ _ _ _ _ _ _ _ _ _ _ _ _ _ _ _ _ _ _ _ _ _ _ _ _ _ _ _ _ _ _ _ _ _ _ _ _ _ _ _ _ _ _ _ _ _ _ _ _ _ _ _ _ _ _ _ _ _ _ _ _ _ _ _ _ _ _ _ _ _ _ 

name = 'tests.mocks.mock_llm_adapter', package = None

    def import_module(name, package=None):
        """Import a module.
    
        The 'package' argument is required when performing a relative import. It
        specifies the package to use as the anchor point from which to resolve the
        relative import to an absolute import.
    
        """
        level = 0
        if name.startswith('.'):
            if not package:
                msg = ("the 'package' argument is required to perform a relative "
                       "import for {!r}")
                raise TypeError(msg.format(name))
            for character in name:
                if character != '.':
                    break
                level += 1
&gt;       return _bootstrap._gcd_import(name[level:], package, level)
E       ModuleNotFoundError: No module named 'tests'

/usr/lib/python3.10/importlib/__init__.py:126: ModuleNotFoundError

The above exception was the direct cause of the following exception:

    @pytest.fixture
    def adapter():
        """
        Generic, pluggable adapter fixture with enhanced validation.
        """
&gt;       Adapter = _get_adapter_class()

tests/conftest.py:643: 
_ _ _ _ _ _ _ _ _ _ _ _ _ _ _ _ _ _ _ _ _ _ _ _ _ _ _ _ _ _ _ _ _ _ _ _ _ _ _ _ _ _ _ _ _ _ _ _ _ _ _ _ _ _ _ _ _ _ _ _ _ _ _ _ _ _ _ _ _ _ _ _ _ _ _ _ _ _ _ _ _ _ _ _ _ _ _ _ _ _ 
tests/conftest.py:626: in _get_adapter_class
    _ADAPTER_CLASS = _load_class_from_spec(spec)
_ _ _ _ _ _ _ _ _ _ _ _ _ _ _ _ _ _ _ _ _ _ _ _ _ _ _ _ _ _ _ _ _ _ _ _ _ _ _ _ _ _ _ _ _ _ _ _ _ _ _ _ _ _ _ _ _ _ _ _ _ _ _ _ _ _ _ _ _ _ _ _ _ _ _ _ _ _ _ _ _ _ _ _ _ _ _ _ _ _ 

spec = 'tests.mocks.mock_llm_adapter:MockLLMAdapter'

    def _load_class_from_spec(spec: str) -&gt; type:
        """
        Load and validate a class from a 'package.module:ClassName' string.
        """
        module_name, _, class_name = spec.partition(':')
        if not module_name or not class_name:
            raise AdapterValidationError(
                f"Invalid adapter spec '{spec}'. Expected 'package.module:ClassName'."
            )
    
        try:
            module = importlib.import_module(module_name)
        except ImportError as exc:
&gt;           raise AdapterValidationError(
                f"Failed to import adapter module '{module_name}' for spec '{spec}'."
            ) from exc
E           conftest.AdapterValidationError: Failed to import adapter module 'tests.mocks.mock_llm_adapter' for spec 'tests.mocks.mock_llm_adapter:MockLLMAdapter'.

tests/conftest.py:595: AdapterValidationError</error></testcase><testcase classname="tests.llm.test_health_report" name="test_health_health_includes_optional_uptime_if_provided" time="0.006"><error message="failed on setup with &quot;conftest.AdapterValidationError: Failed to import adapter module 'tests.mocks.mock_llm_adapter' for spec 'tests.mocks.mock_llm_adapter:MockLLMAdapter'.&quot;">spec = 'tests.mocks.mock_llm_adapter:MockLLMAdapter'

    def _load_class_from_spec(spec: str) -&gt; type:
        """
        Load and validate a class from a 'package.module:ClassName' string.
        """
        module_name, _, class_name = spec.partition(':')
        if not module_name or not class_name:
            raise AdapterValidationError(
                f"Invalid adapter spec '{spec}'. Expected 'package.module:ClassName'."
            )
    
        try:
&gt;           module = importlib.import_module(module_name)

tests/conftest.py:593: 
_ _ _ _ _ _ _ _ _ _ _ _ _ _ _ _ _ _ _ _ _ _ _ _ _ _ _ _ _ _ _ _ _ _ _ _ _ _ _ _ _ _ _ _ _ _ _ _ _ _ _ _ _ _ _ _ _ _ _ _ _ _ _ _ _ _ _ _ _ _ _ _ _ _ _ _ _ _ _ _ _ _ _ _ _ _ _ _ _ _ 

name = 'tests.mocks.mock_llm_adapter', package = None

    def import_module(name, package=None):
        """Import a module.
    
        The 'package' argument is required when performing a relative import. It
        specifies the package to use as the anchor point from which to resolve the
        relative import to an absolute import.
    
        """
        level = 0
        if name.startswith('.'):
            if not package:
                msg = ("the 'package' argument is required to perform a relative "
                       "import for {!r}")
                raise TypeError(msg.format(name))
            for character in name:
                if character != '.':
                    break
                level += 1
&gt;       return _bootstrap._gcd_import(name[level:], package, level)
E       ModuleNotFoundError: No module named 'tests'

/usr/lib/python3.10/importlib/__init__.py:126: ModuleNotFoundError

The above exception was the direct cause of the following exception:

    @pytest.fixture
    def adapter():
        """
        Generic, pluggable adapter fixture with enhanced validation.
        """
&gt;       Adapter = _get_adapter_class()

tests/conftest.py:643: 
_ _ _ _ _ _ _ _ _ _ _ _ _ _ _ _ _ _ _ _ _ _ _ _ _ _ _ _ _ _ _ _ _ _ _ _ _ _ _ _ _ _ _ _ _ _ _ _ _ _ _ _ _ _ _ _ _ _ _ _ _ _ _ _ _ _ _ _ _ _ _ _ _ _ _ _ _ _ _ _ _ _ _ _ _ _ _ _ _ _ 
tests/conftest.py:626: in _get_adapter_class
    _ADAPTER_CLASS = _load_class_from_spec(spec)
_ _ _ _ _ _ _ _ _ _ _ _ _ _ _ _ _ _ _ _ _ _ _ _ _ _ _ _ _ _ _ _ _ _ _ _ _ _ _ _ _ _ _ _ _ _ _ _ _ _ _ _ _ _ _ _ _ _ _ _ _ _ _ _ _ _ _ _ _ _ _ _ _ _ _ _ _ _ _ _ _ _ _ _ _ _ _ _ _ _ 

spec = 'tests.mocks.mock_llm_adapter:MockLLMAdapter'

    def _load_class_from_spec(spec: str) -&gt; type:
        """
        Load and validate a class from a 'package.module:ClassName' string.
        """
        module_name, _, class_name = spec.partition(':')
        if not module_name or not class_name:
            raise AdapterValidationError(
                f"Invalid adapter spec '{spec}'. Expected 'package.module:ClassName'."
            )
    
        try:
            module = importlib.import_module(module_name)
        except ImportError as exc:
&gt;           raise AdapterValidationError(
                f"Failed to import adapter module '{module_name}' for spec '{spec}'."
            ) from exc
E           conftest.AdapterValidationError: Failed to import adapter module 'tests.mocks.mock_llm_adapter' for spec 'tests.mocks.mock_llm_adapter:MockLLMAdapter'.

tests/conftest.py:595: AdapterValidationError</error></testcase><testcase classname="tests.llm.test_deadline_enforcement" name="test_deadline_deadline_exceeded_on_expired_budget" time="0.006"><error message="failed on setup with &quot;conftest.AdapterValidationError: Failed to import adapter module 'tests.mocks.mock_llm_adapter' for spec 'tests.mocks.mock_llm_adapter:MockLLMAdapter'.&quot;">spec = 'tests.mocks.mock_llm_adapter:MockLLMAdapter'

    def _load_class_from_spec(spec: str) -&gt; type:
        """
        Load and validate a class from a 'package.module:ClassName' string.
        """
        module_name, _, class_name = spec.partition(':')
        if not module_name or not class_name:
            raise AdapterValidationError(
                f"Invalid adapter spec '{spec}'. Expected 'package.module:ClassName'."
            )
    
        try:
&gt;           module = importlib.import_module(module_name)

tests/conftest.py:593: 
_ _ _ _ _ _ _ _ _ _ _ _ _ _ _ _ _ _ _ _ _ _ _ _ _ _ _ _ _ _ _ _ _ _ _ _ _ _ _ _ _ _ _ _ _ _ _ _ _ _ _ _ _ _ _ _ _ _ _ _ _ _ _ _ _ _ _ _ _ _ _ _ _ _ _ _ _ _ _ _ _ _ _ _ _ _ _ _ _ _ 

name = 'tests.mocks.mock_llm_adapter', package = None

    def import_module(name, package=None):
        """Import a module.
    
        The 'package' argument is required when performing a relative import. It
        specifies the package to use as the anchor point from which to resolve the
        relative import to an absolute import.
    
        """
        level = 0
        if name.startswith('.'):
            if not package:
                msg = ("the 'package' argument is required to perform a relative "
                       "import for {!r}")
                raise TypeError(msg.format(name))
            for character in name:
                if character != '.':
                    break
                level += 1
&gt;       return _bootstrap._gcd_import(name[level:], package, level)
E       ModuleNotFoundError: No module named 'tests'

/usr/lib/python3.10/importlib/__init__.py:126: ModuleNotFoundError

The above exception was the direct cause of the following exception:

    @pytest.fixture
    def adapter():
        """
        Generic, pluggable adapter fixture with enhanced validation.
        """
&gt;       Adapter = _get_adapter_class()

tests/conftest.py:643: 
_ _ _ _ _ _ _ _ _ _ _ _ _ _ _ _ _ _ _ _ _ _ _ _ _ _ _ _ _ _ _ _ _ _ _ _ _ _ _ _ _ _ _ _ _ _ _ _ _ _ _ _ _ _ _ _ _ _ _ _ _ _ _ _ _ _ _ _ _ _ _ _ _ _ _ _ _ _ _ _ _ _ _ _ _ _ _ _ _ _ 
tests/conftest.py:626: in _get_adapter_class
    _ADAPTER_CLASS = _load_class_from_spec(spec)
_ _ _ _ _ _ _ _ _ _ _ _ _ _ _ _ _ _ _ _ _ _ _ _ _ _ _ _ _ _ _ _ _ _ _ _ _ _ _ _ _ _ _ _ _ _ _ _ _ _ _ _ _ _ _ _ _ _ _ _ _ _ _ _ _ _ _ _ _ _ _ _ _ _ _ _ _ _ _ _ _ _ _ _ _ _ _ _ _ _ 

spec = 'tests.mocks.mock_llm_adapter:MockLLMAdapter'

    def _load_class_from_spec(spec: str) -&gt; type:
        """
        Load and validate a class from a 'package.module:ClassName' string.
        """
        module_name, _, class_name = spec.partition(':')
        if not module_name or not class_name:
            raise AdapterValidationError(
                f"Invalid adapter spec '{spec}'. Expected 'package.module:ClassName'."
            )
    
        try:
            module = importlib.import_module(module_name)
        except ImportError as exc:
&gt;           raise AdapterValidationError(
                f"Failed to import adapter module '{module_name}' for spec '{spec}'."
            ) from exc
E           conftest.AdapterValidationError: Failed to import adapter module 'tests.mocks.mock_llm_adapter' for spec 'tests.mocks.mock_llm_adapter:MockLLMAdapter'.

tests/conftest.py:595: AdapterValidationError</error></testcase><testcase classname="tests.llm.test_error_mapping_retryable" name="test_error_handling_deadline_exceeded_is_conditionally_retryable_with_no_chunks" time="0.004"><error message="failed on setup with &quot;conftest.AdapterValidationError: Failed to import adapter module 'tests.mocks.mock_llm_adapter' for spec 'tests.mocks.mock_llm_adapter:MockLLMAdapter'.&quot;">spec = 'tests.mocks.mock_llm_adapter:MockLLMAdapter'

    def _load_class_from_spec(spec: str) -&gt; type:
        """
        Load and validate a class from a 'package.module:ClassName' string.
        """
        module_name, _, class_name = spec.partition(':')
        if not module_name or not class_name:
            raise AdapterValidationError(
                f"Invalid adapter spec '{spec}'. Expected 'package.module:ClassName'."
            )
    
        try:
&gt;           module = importlib.import_module(module_name)

tests/conftest.py:593: 
_ _ _ _ _ _ _ _ _ _ _ _ _ _ _ _ _ _ _ _ _ _ _ _ _ _ _ _ _ _ _ _ _ _ _ _ _ _ _ _ _ _ _ _ _ _ _ _ _ _ _ _ _ _ _ _ _ _ _ _ _ _ _ _ _ _ _ _ _ _ _ _ _ _ _ _ _ _ _ _ _ _ _ _ _ _ _ _ _ _ 

name = 'tests.mocks.mock_llm_adapter', package = None

    def import_module(name, package=None):
        """Import a module.
    
        The 'package' argument is required when performing a relative import. It
        specifies the package to use as the anchor point from which to resolve the
        relative import to an absolute import.
    
        """
        level = 0
        if name.startswith('.'):
            if not package:
                msg = ("the 'package' argument is required to perform a relative "
                       "import for {!r}")
                raise TypeError(msg.format(name))
            for character in name:
                if character != '.':
                    break
                level += 1
&gt;       return _bootstrap._gcd_import(name[level:], package, level)
E       ModuleNotFoundError: No module named 'tests'

/usr/lib/python3.10/importlib/__init__.py:126: ModuleNotFoundError

The above exception was the direct cause of the following exception:

    @pytest.fixture
    def adapter():
        """
        Generic, pluggable adapter fixture with enhanced validation.
        """
&gt;       Adapter = _get_adapter_class()

tests/conftest.py:643: 
_ _ _ _ _ _ _ _ _ _ _ _ _ _ _ _ _ _ _ _ _ _ _ _ _ _ _ _ _ _ _ _ _ _ _ _ _ _ _ _ _ _ _ _ _ _ _ _ _ _ _ _ _ _ _ _ _ _ _ _ _ _ _ _ _ _ _ _ _ _ _ _ _ _ _ _ _ _ _ _ _ _ _ _ _ _ _ _ _ _ 
tests/conftest.py:626: in _get_adapter_class
    _ADAPTER_CLASS = _load_class_from_spec(spec)
_ _ _ _ _ _ _ _ _ _ _ _ _ _ _ _ _ _ _ _ _ _ _ _ _ _ _ _ _ _ _ _ _ _ _ _ _ _ _ _ _ _ _ _ _ _ _ _ _ _ _ _ _ _ _ _ _ _ _ _ _ _ _ _ _ _ _ _ _ _ _ _ _ _ _ _ _ _ _ _ _ _ _ _ _ _ _ _ _ _ 

spec = 'tests.mocks.mock_llm_adapter:MockLLMAdapter'

    def _load_class_from_spec(spec: str) -&gt; type:
        """
        Load and validate a class from a 'package.module:ClassName' string.
        """
        module_name, _, class_name = spec.partition(':')
        if not module_name or not class_name:
            raise AdapterValidationError(
                f"Invalid adapter spec '{spec}'. Expected 'package.module:ClassName'."
            )
    
        try:
            module = importlib.import_module(module_name)
        except ImportError as exc:
&gt;           raise AdapterValidationError(
                f"Failed to import adapter module '{module_name}' for spec '{spec}'."
            ) from exc
E           conftest.AdapterValidationError: Failed to import adapter module 'tests.mocks.mock_llm_adapter' for spec 'tests.mocks.mock_llm_adapter:MockLLMAdapter'.

tests/conftest.py:595: AdapterValidationError</error></testcase><testcase classname="tests.llm.test_context_siem" name="test_observability_metrics_emitted_on_error_path" time="0.003"><error message="failed on setup with &quot;conftest.AdapterValidationError: Failed to import adapter module 'tests.mocks.mock_llm_adapter' for spec 'tests.mocks.mock_llm_adapter:MockLLMAdapter'.&quot;">spec = 'tests.mocks.mock_llm_adapter:MockLLMAdapter'

    def _load_class_from_spec(spec: str) -&gt; type:
        """
        Load and validate a class from a 'package.module:ClassName' string.
        """
        module_name, _, class_name = spec.partition(':')
        if not module_name or not class_name:
            raise AdapterValidationError(
                f"Invalid adapter spec '{spec}'. Expected 'package.module:ClassName'."
            )
    
        try:
&gt;           module = importlib.import_module(module_name)

tests/conftest.py:593: 
_ _ _ _ _ _ _ _ _ _ _ _ _ _ _ _ _ _ _ _ _ _ _ _ _ _ _ _ _ _ _ _ _ _ _ _ _ _ _ _ _ _ _ _ _ _ _ _ _ _ _ _ _ _ _ _ _ _ _ _ _ _ _ _ _ _ _ _ _ _ _ _ _ _ _ _ _ _ _ _ _ _ _ _ _ _ _ _ _ _ 

name = 'tests.mocks.mock_llm_adapter', package = None

    def import_module(name, package=None):
        """Import a module.
    
        The 'package' argument is required when performing a relative import. It
        specifies the package to use as the anchor point from which to resolve the
        relative import to an absolute import.
    
        """
        level = 0
        if name.startswith('.'):
            if not package:
                msg = ("the 'package' argument is required to perform a relative "
                       "import for {!r}")
                raise TypeError(msg.format(name))
            for character in name:
                if character != '.':
                    break
                level += 1
&gt;       return _bootstrap._gcd_import(name[level:], package, level)
E       ModuleNotFoundError: No module named 'tests'

/usr/lib/python3.10/importlib/__init__.py:126: ModuleNotFoundError

The above exception was the direct cause of the following exception:

    @pytest.fixture
    def adapter():
        """
        Generic, pluggable adapter fixture with enhanced validation.
        """
&gt;       Adapter = _get_adapter_class()

tests/conftest.py:643: 
_ _ _ _ _ _ _ _ _ _ _ _ _ _ _ _ _ _ _ _ _ _ _ _ _ _ _ _ _ _ _ _ _ _ _ _ _ _ _ _ _ _ _ _ _ _ _ _ _ _ _ _ _ _ _ _ _ _ _ _ _ _ _ _ _ _ _ _ _ _ _ _ _ _ _ _ _ _ _ _ _ _ _ _ _ _ _ _ _ _ 
tests/conftest.py:626: in _get_adapter_class
    _ADAPTER_CLASS = _load_class_from_spec(spec)
_ _ _ _ _ _ _ _ _ _ _ _ _ _ _ _ _ _ _ _ _ _ _ _ _ _ _ _ _ _ _ _ _ _ _ _ _ _ _ _ _ _ _ _ _ _ _ _ _ _ _ _ _ _ _ _ _ _ _ _ _ _ _ _ _ _ _ _ _ _ _ _ _ _ _ _ _ _ _ _ _ _ _ _ _ _ _ _ _ _ 

spec = 'tests.mocks.mock_llm_adapter:MockLLMAdapter'

    def _load_class_from_spec(spec: str) -&gt; type:
        """
        Load and validate a class from a 'package.module:ClassName' string.
        """
        module_name, _, class_name = spec.partition(':')
        if not module_name or not class_name:
            raise AdapterValidationError(
                f"Invalid adapter spec '{spec}'. Expected 'package.module:ClassName'."
            )
    
        try:
            module = importlib.import_module(module_name)
        except ImportError as exc:
&gt;           raise AdapterValidationError(
                f"Failed to import adapter module '{module_name}' for spec '{spec}'."
            ) from exc
E           conftest.AdapterValidationError: Failed to import adapter module 'tests.mocks.mock_llm_adapter' for spec 'tests.mocks.mock_llm_adapter:MockLLMAdapter'.

tests/conftest.py:595: AdapterValidationError</error></testcase><testcase classname="tests.llm.test_capabilities_shape" name="test_capabilities_returns_correct_type" time="0.003"><error message="failed on setup with &quot;conftest.AdapterValidationError: Failed to import adapter module 'tests.mocks.mock_llm_adapter' for spec 'tests.mocks.mock_llm_adapter:MockLLMAdapter'.&quot;">spec = 'tests.mocks.mock_llm_adapter:MockLLMAdapter'

    def _load_class_from_spec(spec: str) -&gt; type:
        """
        Load and validate a class from a 'package.module:ClassName' string.
        """
        module_name, _, class_name = spec.partition(':')
        if not module_name or not class_name:
            raise AdapterValidationError(
                f"Invalid adapter spec '{spec}'. Expected 'package.module:ClassName'."
            )
    
        try:
&gt;           module = importlib.import_module(module_name)

tests/conftest.py:593: 
_ _ _ _ _ _ _ _ _ _ _ _ _ _ _ _ _ _ _ _ _ _ _ _ _ _ _ _ _ _ _ _ _ _ _ _ _ _ _ _ _ _ _ _ _ _ _ _ _ _ _ _ _ _ _ _ _ _ _ _ _ _ _ _ _ _ _ _ _ _ _ _ _ _ _ _ _ _ _ _ _ _ _ _ _ _ _ _ _ _ 

name = 'tests.mocks.mock_llm_adapter', package = None

    def import_module(name, package=None):
        """Import a module.
    
        The 'package' argument is required when performing a relative import. It
        specifies the package to use as the anchor point from which to resolve the
        relative import to an absolute import.
    
        """
        level = 0
        if name.startswith('.'):
            if not package:
                msg = ("the 'package' argument is required to perform a relative "
                       "import for {!r}")
[...]
            for character in name:
                if character != '.':
                    break
                level += 1
&gt;       return _bootstrap._gcd_import(name[level:], package, level)
E       ModuleNotFoundError: No module named 'tests'

/usr/lib/python3.10/importlib/__init__.py:126: ModuleNotFoundError

The above exception was the direct cause of the following exception:

    @pytest.fixture
    def adapter():
        """
        Generic, pluggable adapter fixture with enhanced validation.
        """
&gt;       Adapter = _get_adapter_class()

tests/conftest.py:643: 
_ _ _ _ _ _ _ _ _ _ _ _ _ _ _ _ _ _ _ _ _ _ _ _ _ _ _ _ _ _ _ _ _ _ _ _ _ _ _ _ _ _ _ _ _ _ _ _ _ _ _ _ _ _ _ _ _ _ _ _ _ _ _ _ _ _ _ _ _ _ _ _ _ _ _ _ _ _ _ _ _ _ _ _ _ _ _ _ _ _ 
tests/conftest.py:626: in _get_adapter_class
    _ADAPTER_CLASS = _load_class_from_spec(spec)
_ _ _ _ _ _ _ _ _ _ _ _ _ _ _ _ _ _ _ _ _ _ _ _ _ _ _ _ _ _ _ _ _ _ _ _ _ _ _ _ _ _ _ _ _ _ _ _ _ _ _ _ _ _ _ _ _ _ _ _ _ _ _ _ _ _ _ _ _ _ _ _ _ _ _ _ _ _ _ _ _ _ _ _ _ _ _ _ _ _ 

spec = 'tests.mocks.mock_llm_adapter:MockLLMAdapter'

    def _load_class_from_spec(spec: str) -&gt; type:
        """
        Load and validate a class from a 'package.module:ClassName' string.
        """
        module_name, _, class_name = spec.partition(':')
        if not module_name or not class_name:
            raise AdapterValidationError(
                f"Invalid adapter spec '{spec}'. Expected 'package.module:ClassName'."
            )
    
        try:
            module = importlib.import_module(module_name)
        except ImportError as exc:
&gt;           raise AdapterValidationError(
                f"Failed to import adapter module '{module_name}' for spec '{spec}'."
            ) from exc
E           conftest.AdapterValidationError: Failed to import adapter module 'tests.mocks.mock_llm_adapter' for spec 'tests.mocks.mock_llm_adapter:MockLLMAdapter'.

tests/conftest.py:595: AdapterValidationError</error></testcase><testcase classname="tests.graph.test_capabilities_shape" name="test_capabilities_returns_correct_type" time="0.009"><error message="failed on setup with &quot;conftest.AdapterValidationError: Failed to import adapter module 'tests.mocks.mock_llm_adapter' for spec 'tests.mocks.mock_llm_adapter:MockLLMAdapter'.&quot;">spec = 'tests.mocks.mock_llm_adapter:MockLLMAdapter'

    def _load_class_from_spec(spec: str) -&gt; type:
        """
        Load and validate a class from a 'package.module:ClassName' string.
        """
        module_name, _, class_name = spec.partition(':')
        if not module_name or not class_name:
            raise AdapterValidationError(
                f"Invalid adapter spec '{spec}'. Expected 'package.module:ClassName'."
            )
    
        try:
&gt;           module = importlib.import_module(module_name)

tests/conftest.py:593: 
_ _ _ _ _ _ _ _ _ _ _ _ _ _ _ _ _ _ _ _ _ _ _ _ _ _ _ _ _ _ _ _ _ _ _ _ _ _ _ _ _ _ _ _ _ _ _ _ _ _ _ _ _ _ _ _ _ _ _ _ _ _ _ _ _ _ _ _ _ _ _ _ _ _ _ _ _ _ _ _ _ _ _ _ _ _ _ _ _ _ 

name = 'tests.mocks.mock_llm_adapter', package = None

    def import_module(name, package=None):
        """Import a module.
    
        The 'package' argument is required when performing a relative import. It
        specifies the package to use as the anchor point from which to resolve the
        relative import to an absolute import.
    
        """
        level = 0
        if name.startswith('.'):
            if not package:
                msg = ("the 'package' argument is required to perform a relative "
                       "import for {!r}")
                raise TypeError(msg.format(name))
            for character in name:
                if character != '.':
                    break
                level += 1
&gt;       return _bootstrap._gcd_import(name[level:], package, level)
E       ModuleNotFoundError: No module named 'tests'

/usr/lib/python3.10/importlib/__init__.py:126: ModuleNotFoundError

The above exception was the direct cause of the following exception:

    @pytest.fixture
    def adapter():
        """
        Generic, pluggable adapter fixture with enhanced validation.
        """
&gt;       Adapter = _get_adapter_class()

tests/conftest.py:643: 
_ _ _ _ _ _ _ _ _ _ _ _ _ _ _ _ _ _ _ _ _ _ _ _ _ _ _ _ _ _ _ _ _ _ _ _ _ _ _ _ _ _ _ _ _ _ _ _ _ _ _ _ _ _ _ _ _ _ _ _ _ _ _ _ _ _ _ _ _ _ _ _ _ _ _ _ _ _ _ _ _ _ _ _ _ _ _ _ _ _ 
tests/conftest.py:626: in _get_adapter_class
    _ADAPTER_CLASS = _load_class_from_spec(spec)
_ _ _ _ _ _ _ _ _ _ _ _ _ _ _ _ _ _ _ _ _ _ _ _ _ _ _ _ _ _ _ _ _ _ _ _ _ _ _ _ _ _ _ _ _ _ _ _ _ _ _ _ _ _ _ _ _ _ _ _ _ _ _ _ _ _ _ _ _ _ _ _ _ _ _ _ _ _ _ _ _ _ _ _ _ _ _ _ _ _ 

spec = 'tests.mocks.mock_llm_adapter:MockLLMAdapter'

    def _load_class_from_spec(spec: str) -&gt; type:
        """
        Load and validate a class from a 'package.module:ClassName' string.
        """
        module_name, _, class_name = spec.partition(':')
        if not module_name or not class_name:
            raise AdapterValidationError(
                f"Invalid adapter spec '{spec}'. Expected 'package.module:ClassName'."
            )
    
        try:
            module = importlib.import_module(module_name)
        except ImportError as exc:
&gt;           raise AdapterValidationError(
                f"Failed to import adapter module '{module_name}' for spec '{spec}'."
            ) from exc
E           conftest.AdapterValidationError: Failed to import adapter module 'tests.mocks.mock_llm_adapter' for spec 'tests.mocks.mock_llm_adapter:MockLLMAdapter'.

tests/conftest.py:595: AdapterValidationError</error></testcase><testcase classname="tests.graph.test_wire_handler" name="test_wire_contract_error_envelope_includes_message_and_type" time="0.014" /><testcase classname="tests.graph.test_wire_handler" name="test_wire_contract_upsert_delete_bulk_batch_schema_health_envelopes" time="0.007"><failure message="assert False is True">async def test_wire_contract_upsert_delete_bulk_batch_schema_health_envelopes():
        """§4.1: All graph operations must return valid success envelopes."""
        a = TrackingMockGraphAdapter()
        h = WireGraphHandler(a)
    
        # upsert_nodes
        up_nodes_env = {
            "op": "graph.upsert_nodes",
            "ctx": {"request_id": "up-n"},
            "args": {
                "namespace": "ns1",
                "nodes": [
                    {
                        "id": "n1",
                        "labels": ["User"],
                        "properties": {"name": "alice"},
                        "namespace": "ns1",
                    }
                ],
            },
        }
        up_nodes_res = await h.handle(up_nodes_env)
&gt;       assert up_nodes_res["ok"] is True
E       assert False is True

tests/graph/test_wire_handler.py:247: AssertionError</failure></testcase><testcase classname="tests.graph.test_wire_handler" name="test_wire_contract_capabilities_success_envelope" time="0.012"><failure message="assert False is True">async def test_wire_contract_capabilities_success_envelope():
        """§4.1: Capabilities operation must return valid success envelope."""
        a = TrackingMockGraphAdapter()
        h = WireGraphHandler(a)
    
        env = {
            "op": "graph.capabilities",
            "ctx": {},
            "args": {},
        }
        res = await h.handle(env)
    
&gt;       assert res["ok"] is True
E       assert False is True

tests/graph/test_wire_handler.py:167: AssertionError</failure></testcase><testcase classname="tests.graph.test_capabilities_shape" name="test_capabilities_dialects_tuple" time="0.006"><error message="failed on setup with &quot;conftest.AdapterValidationError: Failed to import adapter module 'tests.mocks.mock_llm_adapter' for spec 'tests.mocks.mock_llm_adapter:MockLLMAdapter'.&quot;">spec = 'tests.mocks.mock_llm_adapter:MockLLMAdapter'

    def _load_class_from_spec(spec: str) -&gt; type:
        """
        Load and validate a class from a 'package.module:ClassName' string.
        """
        module_name, _, class_name = spec.partition(':')
        if not module_name or not class_name:
            raise AdapterValidationError(
                f"Invalid adapter spec '{spec}'. Expected 'package.module:ClassName'."
            )
    
        try:
&gt;           module = importlib.import_module(module_name)

tests/conftest.py:593: 
_ _ _ _ _ _ _ _ _ _ _ _ _ _ _ _ _ _ _ _ _ _ _ _ _ _ _ _ _ _ _ _ _ _ _ _ _ _ _ _ _ _ _ _ _ _ _ _ _ _ _ _ _ _ _ _ _ _ _ _ _ _ _ _ _ _ _ _ _ _ _ _ _ _ _ _ _ _ _ _ _ _ _ _ _ _ _ _ _ _ 

name = 'tests.mocks.mock_llm_adapter', package = None

    def import_module(name, package=None):
        """Import a module.
    
        The 'package' argument is required when performing a relative import. It
        specifies the package to use as the anchor point from which to resolve the
        relative import to an absolute import.
    
        """
        level = 0
        if name.startswith('.'):
            if not package:
                msg = ("the 'package' argument is required to perform a relative "
                       "import for {!r}")
                raise TypeError(msg.format(name))
            for character in name:
                if character != '.':
                    break
                level += 1
&gt;       return _bootstrap._gcd_import(name[level:], package, level)
E       ModuleNotFoundError: No module named 'tests'

/usr/lib/python3.10/importlib/__init__.py:126: ModuleNotFoundError

The above exception was the direct cause of the following exception:

    @pytest.fixture
    def adapter():
        """
        Generic, pluggable adapter fixture with enhanced validation.
        """
&gt;       Adapter = _get_adapter_class()

tests/conftest.py:643: 
_ _ _ _ _ _ _ _ _ _ _ _ _ _ _ _ _ _ _ _ _ _ _ _ _ _ _ _ _ _ _ _ _ _ _ _ _ _ _ _ _ _ _ _ _ _ _ _ _ _ _ _ _ _ _ _ _ _ _ _ _ _ _ _ _ _ _ _ _ _ _ _ _ _ _ _ _ _ _ _ _ _ _ _ _ _ _ _ _ _ 
tests/conftest.py:626: in _get_adapter_class
    _ADAPTER_CLASS = _load_class_from_spec(spec)
_ _ _ _ _ _ _ _ _ _ _ _ _ _ _ _ _ _ _ _ _ _ _ _ _ _ _ _ _ _ _ _ _ _ _ _ _ _ _ _ _ _ _ _ _ _ _ _ _ _ _ _ _ _ _ _ _ _ _ _ _ _ _ _ _ _ _ _ _ _ _ _ _ _ _ _ _ _ _ _ _ _ _ _ _ _ _ _ _ _ 

spec = 'tests.mocks.mock_llm_adapter:MockLLMAdapter'

    def _load_class_from_spec(spec: str) -&gt; type:
        """
        Load and validate a class from a 'package.module:ClassName' string.
        """
        module_name, _, class_name = spec.partition(':')
        if not module_name or not class_name:
            raise AdapterValidationError(
                f"Invalid adapter spec '{spec}'. Expected 'package.module:ClassName'."
            )
    
        try:
            module = importlib.import_module(module_name)
        except ImportError as exc:
&gt;           raise AdapterValidationError(
                f"Failed to import adapter module '{module_name}' for spec '{spec}'."
            ) from exc
E           conftest.AdapterValidationError: Failed to import adapter module 'tests.mocks.mock_llm_adapter' for spec 'tests.mocks.mock_llm_adapter:MockLLMAdapter'.

tests/conftest.py:595: AdapterValidationError</error></testcase><testcase classname="tests.graph.test_wire_handler" name="test_wire_contract_query_roundtrip_and_context_plumbing" time="0.006"><failure message="assert False is True">async def test_wire_contract_query_roundtrip_and_context_plumbing():
        """§6.1: OperationContext must be properly propagated through wire handler."""
        a = TrackingMockGraphAdapter()
        h = WireGraphHandler(a)
    
        ctx_wire = {
            "request_id": "req_wire_graph",
            "idempotency_key": "idem-graph",
            "deadline_ms": 9999999999999,
            "traceparent": "00-abc-xyz-01",
            "tenant": "acme-tenant",
            "attrs": {"k": "v"},
            "ignore_me": "extra",  # MUST be ignored
        }
        args = {
            "text": "MATCH (n) RETURN n LIMIT 1",
            "dialect": "cypher",
            "namespace": "demo",
            "params": {"foo": "bar"},
            "timeout_ms": 1000,
            "stream": False,
        }
    
        res = await h.handle(
            {
                "op": "graph.query",
                "ctx": ctx_wire,
                "args": args,
            }
        )
    
&gt;       assert res["ok"] is True
E       assert False is True

tests/graph/test_wire_handler.py:208: AssertionError</failure></testcase><testcase classname="tests.graph.test_capabilities_shape" name="test_capabilities_max_batch_ops_valid" time="0.005"><error message="failed on setup with &quot;conftest.AdapterValidationError: Failed to import adapter module 'tests.mocks.mock_llm_adapter' for spec 'tests.mocks.mock_llm_adapter:MockLLMAdapter'.&quot;">spec = 'tests.mocks.mock_llm_adapter:MockLLMAdapter'

    def _load_class_from_spec(spec: str) -&gt; type:
        """
        Load and validate a class from a 'package.module:ClassName' string.
        """
        module_name, _, class_name = spec.partition(':')
        if not module_name or not class_name:
            raise AdapterValidationError(
                f"Invalid adapter spec '{spec}'. Expected 'package.module:ClassName'."
            )
    
        try:
&gt;           module = importlib.import_module(module_name)

tests/conftest.py:593: 
_ _ _ _ _ _ _ _ _ _ _ _ _ _ _ _ _ _ _ _ _ _ _ _ _ _ _ _ _ _ _ _ _ _ _ _ _ _ _ _ _ _ _ _ _ _ _ _ _ _ _ _ _ _ _ _ _ _ _ _ _ _ _ _ _ _ _ _ _ _ _ _ _ _ _ _ _ _ _ _ _ _ _ _ _ _ _ _ _ _ 

name = 'tests.mocks.mock_llm_adapter', package = None

    def import_module(name, package=None):
        """Import a module.
    
        The 'package' argument is required when performing a relative import. It
        specifies the package to use as the anchor point from which to resolve the
        relative import to an absolute import.
    
        """
        level = 0
        if name.startswith('.'):
            if not package:
                msg = ("the 'package' argument is required to perform a relative "
                       "import for {!r}")
                raise TypeError(msg.format(name))
            for character in name:
                if character != '.':
                    break
                level += 1
&gt;       return _bootstrap._gcd_import(name[level:], package, level)
E       ModuleNotFoundError: No module named 'tests'

/usr/lib/python3.10/importlib/__init__.py:126: ModuleNotFoundError

The above exception was the direct cause of the following exception:

    @pytest.fixture
    def adapter():
        """
        Generic, pluggable adapter fixture with enhanced validation.
        """
&gt;       Adapter = _get_adapter_class()

tests/conftest.py:643: 
_ _ _ _ _ _ _ _ _ _ _ _ _ _ _ _ _ _ _ _ _ _ _ _ _ _ _ _ _ _ _ _ _ _ _ _ _ _ _ _ _ _ _ _ _ _ _ _ _ _ _ _ _ _ _ _ _ _ _ _ _ _ _ _ _ _ _ _ _ _ _ _ _ _ _ _ _ _ _ _ _ _ _ _ _ _ _ _ _ _ 
tests/conftest.py:626: in _get_adapter_class
    _ADAPTER_CLASS = _load_class_from_spec(spec)
_ _ _ _ _ _ _ _ _ _ _ _ _ _ _ _ _ _ _ _ _ _ _ _ _ _ _ _ _ _ _ _ _ _ _ _ _ _ _ _ _ _ _ _ _ _ _ _ _ _ _ _ _ _ _ _ _ _ _ _ _ _ _ _ _ _ _ _ _ _ _ _ _ _ _ _ _ _ _ _ _ _ _ _ _ _ _ _ _ _ 

spec = 'tests.mocks.mock_llm_adapter:MockLLMAdapter'

    def _load_class_from_spec(spec: str) -&gt; type:
        """
        Load and validate a class from a 'package.module:ClassName' string.
        """
        module_name, _, class_name = spec.partition(':')
        if not module_name or not class_name:
            raise AdapterValidationError(
                f"Invalid adapter spec '{spec}'. Expected 'package.module:ClassName'."
            )
    
        try:
            module = importlib.import_module(module_name)
        except ImportError as exc:
&gt;           raise AdapterValidationError(
                f"Failed to import adapter module '{module_name}' for spec '{spec}'."
            ) from exc
E           conftest.AdapterValidationError: Failed to import adapter module 'tests.mocks.mock_llm_adapter' for spec 'tests.mocks.mock_llm_adapter:MockLLMAdapter'.

tests/conftest.py:595: AdapterValidationError</error></testcase><testcase classname="tests.graph.test_wire_handler" name="test_wire_contract_maps_notsupported_adapter_error_to_not_supported_code" time="0.009" /><testcase classname="tests.graph.test_capabilities_shape" name="test_capabilities_idempotency" time="0.021"><error message="failed on setup with &quot;conftest.AdapterValidationError: Failed to import adapter module 'tests.mocks.mock_llm_adapter' for spec 'tests.mocks.mock_llm_adapter:MockLLMAdapter'.&quot;">spec = 'tests.mocks.mock_llm_adapter:MockLLMAdapter'

    def _load_class_from_spec(spec: str) -&gt; type:
        """
        Load and validate a class from a 'package.module:ClassName' string.
        """
        module_name, _, class_name = spec.partition(':')
        if not module_name or not class_name:
            raise AdapterValidationError(
                f"Invalid adapter spec '{spec}'. Expected 'package.module:ClassName'."
            )
    
        try:
&gt;           module = importlib.import_module(module_name)

tests/conftest.py:593: 
_ _ _ _ _ _ _ _ _ _ _ _ _ _ _ _ _ _ _ _ _ _ _ _ _ _ _ _ _ _ _ _ _ _ _ _ _ _ _ _ _ _ _ _ _ _ _ _ _ _ _ _ _ _ _ _ _ _ _ _ _ _ _ _ _ _ _ _ _ _ _ _ _ _ _ _ _ _ _ _ _ _ _ _ _ _ _ _ _ _ 

name = 'tests.mocks.mock_llm_adapter', package = None

    def import_module(name, package=None):
        """Import a module.
    
        The 'package' argument is required when performing a relative import. It
        specifies the package to use as the anchor point from which to resolve the
        relative import to an absolute import.
    
        """
        level = 0
        if name.startswith('.'):
            if not package:
                msg = ("the 'package' argument is required to perform a relative "
                       "import for {!r}")
                raise TypeError(msg.format(name))
            for character in name:
                if character != '.':
                    break
                level += 1
&gt;       return _bootstrap._gcd_import(name[level:], package, level)
E       ModuleNotFoundError: No module named 'tests'

/usr/lib/python3.10/importlib/__init__.py:126: ModuleNotFoundError

The above exception was the direct cause of the following exception:

    @pytest.fixture
    def adapter():
        """
        Generic, pluggable adapter fixture with enhanced validation.
        """
&gt;       Adapter = _get_adapter_class()

tests/conftest.py:643: 
_ _ _ _ _ _ _ _ _ _ _ _ _ _ _ _ _ _ _ _ _ _ _ _ _ _ _ _ _ _ _ _ _ _ _ _ _ _ _ _ _ _ _ _ _ _ _ _ _ _ _ _ _ _ _ _ _ _ _ _ _ _ _ _ _ _ _ _ _ _ _ _ _ _ _ _ _ _ _ _ _ _ _ _ _ _ _ _ _ _ 
tests/conftest.py:626: in _get_adapter_class
    _ADAPTER_CLASS = _load_class_from_spec(spec)
_ _ _ _ _ _ _ _ _ _ _ _ _ _ _ _ _ _ _ _ _ _ _ _ _ _ _ _ _ _ _ _ _ _ _ _ _ _ _ _ _ _ _ _ _ _ _ _ _ _ _ _ _ _ _ _ _ _ _ _ _ _ _ _ _ _ _ _ _ _ _ _ _ _ _ _ _ _ _ _ _ _ _ _ _ _ _ _ _ _ 

spec = 'tests.mocks.mock_llm_adapter:MockLLMAdapter'

    def _load_class_from_spec(spec: str) -&gt; type:
        """
        Load and validate a class from a 'package.module:ClassName' string.
        """
        module_name, _, class_name = spec.partition(':')
        if not module_name or not class_name:
            raise AdapterValidationError(
                f"Invalid adapter spec '{spec}'. Expected 'package.module:ClassName'."
            )
    
        try:
            module = importlib.import_module(module_name)
        except ImportError as exc:
&gt;           raise AdapterValidationError(
                f"Failed to import adapter module '{module_name}' for spec '{spec}'."
            ) from exc
E           conftest.AdapterValidationError: Failed to import adapter module 'tests.mocks.mock_llm_adapter' for spec 'tests.mocks.mock_llm_adapter:MockLLMAdapter'.

tests/conftest.py:595: AdapterValidationError</error></testcase></testsuite></testsuites>